Outputs and logs saved to /content/gdrive/My Drive/Colab Notebooks/NeuralNetworksForGWAS/training_outputs/2020-12-07-00-57-11
2020-12-07 00:57:18,286 - Creating validation dataset.
2020-12-07 00:57:33,141 - 14.852904796600342 s to load 32000 validation examples (500 validation batches) to evaluate after each training step.
2020-12-07 00:58:42,086 - [STEP 200] average number of steps per second: 2.9
2020-12-07 00:59:15,936 - validation roc_auc: 0.5973897132095025
2020-12-07 00:59:15,937 - validation average_precision: 0.029372503760809847
2020-12-07 00:59:16,394 - training loss: 0.14867356419563293
2020-12-07 00:59:16,395 - validation loss: 0.11275379344820977
2020-12-07 01:00:29,121 - [STEP 400] average number of steps per second: 2.8
2020-12-07 01:01:03,379 - validation roc_auc: 0.644159010283801
2020-12-07 01:01:03,380 - validation average_precision: 0.03843718708809299
2020-12-07 01:01:03,854 - training loss: 0.14007340371608734
2020-12-07 01:01:03,855 - validation loss: 0.10044224932789803
2020-12-07 01:02:13,241 - [STEP 600] average number of steps per second: 2.9
2020-12-07 01:02:47,395 - validation roc_auc: 0.6888287727200254
2020-12-07 01:02:47,396 - validation average_precision: 0.05412148533136974
2020-12-07 01:02:47,892 - training loss: 0.14412032067775726
2020-12-07 01:02:47,897 - validation loss: 0.09557566445320845
2020-12-07 01:03:55,673 - [STEP 800] average number of steps per second: 3.0
2020-12-07 01:04:29,882 - validation roc_auc: 0.7555877810108418
2020-12-07 01:04:29,883 - validation average_precision: 0.08427637764000798
2020-12-07 01:04:30,390 - training loss: 0.02898624911904335
2020-12-07 01:04:30,394 - validation loss: 0.09072797798737883
2020-12-07 01:05:38,609 - [STEP 1000] average number of steps per second: 2.9
2020-12-07 01:06:12,758 - validation roc_auc: 0.8350008221061862
2020-12-07 01:06:12,759 - validation average_precision: 0.25865711724797863
2020-12-07 01:06:13,264 - training loss: 0.17365773022174835
2020-12-07 01:06:13,265 - validation loss: 0.08023181629739702
2020-12-07 01:07:20,518 - [STEP 1200] average number of steps per second: 3.0
2020-12-07 01:07:54,653 - validation roc_auc: 0.8758488620057399
2020-12-07 01:07:54,655 - validation average_precision: 0.27814256158335005
2020-12-07 01:07:55,142 - training loss: 0.12282084673643112
2020-12-07 01:07:55,143 - validation loss: 0.0717898901514709
2020-12-07 01:09:02,214 - [STEP 1400] average number of steps per second: 3.0
2020-12-07 01:09:36,291 - validation roc_auc: 0.8597526456871811
2020-12-07 01:09:36,292 - validation average_precision: 0.3257174255078675
2020-12-07 01:09:36,800 - training loss: 0.0705101415514946
2020-12-07 01:09:36,801 - validation loss: 0.06995273819379509
2020-12-07 01:10:43,738 - [STEP 1600] average number of steps per second: 3.0
2020-12-07 01:11:17,782 - validation roc_auc: 0.9274361248405611
2020-12-07 01:11:17,783 - validation average_precision: 0.37875406495225156
2020-12-07 01:11:18,280 - training loss: 0.03958873450756073
2020-12-07 01:11:18,282 - validation loss: 0.06267683109827339
2020-12-07 01:12:24,606 - [STEP 1800] average number of steps per second: 3.0
2020-12-07 01:12:58,741 - validation roc_auc: 0.9263213737643495
2020-12-07 01:12:58,742 - validation average_precision: 0.31996752218929825
2020-12-07 01:12:58,747 - training loss: 0.12315288186073303
2020-12-07 01:12:58,748 - validation loss: 0.06445990159735084
2020-12-07 01:14:04,998 - [STEP 2000] average number of steps per second: 3.0
2020-12-07 01:14:39,183 - validation roc_auc: 0.9341376853475765
2020-12-07 01:14:39,184 - validation average_precision: 0.407005185531559
2020-12-07 01:14:39,659 - training loss: 0.0771833285689354
2020-12-07 01:14:39,666 - validation loss: 0.06161419377475977
2020-12-07 01:15:45,847 - [STEP 2200] average number of steps per second: 3.0
2020-12-07 01:16:19,947 - validation roc_auc: 0.9333215082908165
2020-12-07 01:16:19,949 - validation average_precision: 0.3414105167367567
2020-12-07 01:16:20,434 - training loss: 0.01941489987075329
2020-12-07 01:16:20,436 - validation loss: 0.06135921638365835
2020-12-07 01:17:26,407 - [STEP 2400] average number of steps per second: 3.0
2020-12-07 01:18:00,667 - validation roc_auc: 0.9376742865114798
2020-12-07 01:18:00,668 - validation average_precision: 0.35930555332285563
2020-12-07 01:18:01,163 - training loss: 0.08235789835453033
2020-12-07 01:18:01,169 - validation loss: 0.059983711346052584
2020-12-07 01:19:07,318 - [STEP 2600] average number of steps per second: 3.0
2020-12-07 01:19:41,273 - validation roc_auc: 0.9434085518973215
2020-12-07 01:19:41,275 - validation average_precision: 0.41265612378446115
2020-12-07 01:19:43,549 - training loss: 0.14374127984046936
2020-12-07 01:19:43,553 - validation loss: 0.05928981943894178
2020-12-07 01:20:49,483 - [STEP 2800] average number of steps per second: 3.0
2020-12-07 01:21:23,492 - validation roc_auc: 0.9498082997847574
2020-12-07 01:21:23,498 - validation average_precision: 0.4366926553962315
2020-12-07 01:21:23,977 - training loss: 0.04794128239154816
2020-12-07 01:21:23,983 - validation loss: 0.0560707188192755
2020-12-07 01:22:29,774 - [STEP 3000] average number of steps per second: 3.0
2020-12-07 01:23:03,867 - validation roc_auc: 0.9463212242904975
2020-12-07 01:23:03,868 - validation average_precision: 0.42808388925242385
2020-12-07 01:23:04,346 - training loss: 0.056297048926353455
2020-12-07 01:23:04,347 - validation loss: 0.0550371230924502
2020-12-07 01:24:10,231 - [STEP 3200] average number of steps per second: 3.0
2020-12-07 01:24:44,219 - validation roc_auc: 0.9579601054288905
2020-12-07 01:24:44,220 - validation average_precision: 0.4452256613954202
2020-12-07 01:24:44,695 - training loss: 0.08223362267017365
2020-12-07 01:24:44,700 - validation loss: 0.05455279262922704
2020-12-07 01:25:50,154 - [STEP 3400] average number of steps per second: 3.1
2020-12-07 01:26:24,277 - validation roc_auc: 0.9548299236686862
2020-12-07 01:26:24,279 - validation average_precision: 0.4436308844065415
2020-12-07 01:26:24,284 - training loss: 0.0878155305981636
2020-12-07 01:26:24,285 - validation loss: 0.05535444855690003
2020-12-07 01:27:29,467 - [STEP 3600] average number of steps per second: 3.1
2020-12-07 01:28:03,448 - validation roc_auc: 0.9558579549984055
2020-12-07 01:28:03,449 - validation average_precision: 0.4120333862115323
2020-12-07 01:28:03,914 - training loss: 0.10854184627532959
2020-12-07 01:28:03,923 - validation loss: 0.05429472431447357
2020-12-07 01:29:09,197 - [STEP 3800] average number of steps per second: 3.1
2020-12-07 01:29:43,195 - validation roc_auc: 0.96084716796875
2020-12-07 01:29:43,196 - validation average_precision: 0.444081534839867
2020-12-07 01:29:43,202 - training loss: 0.02706478163599968
2020-12-07 01:29:43,203 - validation loss: 0.05431021311553195
2020-12-07 01:30:48,313 - [STEP 4000] average number of steps per second: 3.1
2020-12-07 01:31:22,437 - validation roc_auc: 0.9554222636320154
2020-12-07 01:31:22,438 - validation average_precision: 0.4360307969340578
2020-12-07 01:31:22,965 - training loss: 0.03440386429429054
2020-12-07 01:31:22,966 - validation loss: 0.05296687853243202
2020-12-07 01:32:27,955 - [STEP 4200] average number of steps per second: 3.1
2020-12-07 01:33:01,951 - validation roc_auc: 0.959458306760204
2020-12-07 01:33:01,953 - validation average_precision: 0.4588537445250533
2020-12-07 01:33:01,958 - training loss: 0.054986439645290375
2020-12-07 01:33:01,959 - validation loss: 0.060795954664237796
2020-12-07 01:34:06,999 - [STEP 4400] average number of steps per second: 3.1
2020-12-07 01:34:41,004 - validation roc_auc: 0.9633525988520409
2020-12-07 01:34:41,005 - validation average_precision: 0.45088806404110426
2020-12-07 01:34:43,253 - training loss: 0.030422281473875046
2020-12-07 01:34:43,254 - validation loss: 0.05160475562699139
2020-12-07 01:35:48,318 - [STEP 4600] average number of steps per second: 3.1
2020-12-07 01:36:22,232 - validation roc_auc: 0.9601410534917091
2020-12-07 01:36:22,233 - validation average_precision: 0.44365543060190027
2020-12-07 01:36:22,235 - training loss: 0.054958563297986984
2020-12-07 01:36:22,239 - validation loss: 0.05344721541181207
2020-12-07 01:37:27,156 - [STEP 4800] average number of steps per second: 3.1
2020-12-07 01:38:01,081 - validation roc_auc: 0.9587881407445791
2020-12-07 01:38:01,082 - validation average_precision: 0.4510899810278111
2020-12-07 01:38:01,088 - training loss: 0.06895124912261963
2020-12-07 01:38:01,089 - validation loss: 0.053127902213018385
2020-12-07 01:39:06,132 - [STEP 5000] average number of steps per second: 3.1
2020-12-07 01:39:40,109 - validation roc_auc: 0.9624799705038265
2020-12-07 01:39:40,110 - validation average_precision: 0.4627977862077101
2020-12-07 01:39:40,578 - training loss: 0.025013117119669914
2020-12-07 01:39:40,579 - validation loss: 0.050597662930376826
2020-12-07 01:40:45,532 - [STEP 5200] average number of steps per second: 3.1
2020-12-07 01:41:19,546 - validation roc_auc: 0.9667775679607781
2020-12-07 01:41:19,547 - validation average_precision: 0.46771782630403247
2020-12-07 01:41:19,549 - training loss: 0.044288601726293564
2020-12-07 01:41:19,551 - validation loss: 0.051313261000905185
2020-12-07 01:42:24,431 - [STEP 5400] average number of steps per second: 3.1
2020-12-07 01:42:58,491 - validation roc_auc: 0.9611342823262117
2020-12-07 01:42:58,493 - validation average_precision: 0.44513140605183377
2020-12-07 01:42:58,499 - training loss: 0.11005503684282303
2020-12-07 01:42:58,500 - validation loss: 0.053854642885737124
2020-12-07 01:44:03,446 - [STEP 5600] average number of steps per second: 3.1
2020-12-07 01:44:37,474 - validation roc_auc: 0.9669754215162627
2020-12-07 01:44:37,475 - validation average_precision: 0.4811698094197837
2020-12-07 01:44:37,948 - training loss: 0.048903077840805054
2020-12-07 01:44:37,953 - validation loss: 0.04979310056380928
2020-12-07 01:45:42,930 - [STEP 5800] average number of steps per second: 3.1
2020-12-07 01:46:17,074 - validation roc_auc: 0.9661967623963648
2020-12-07 01:46:17,076 - validation average_precision: 0.47945770389876985
2020-12-07 01:46:17,082 - training loss: 0.05546843260526657
2020-12-07 01:46:17,082 - validation loss: 0.05287909579090774
2020-12-07 01:47:22,192 - [STEP 6000] average number of steps per second: 3.1
2020-12-07 01:47:56,129 - validation roc_auc: 0.9641507393973214
2020-12-07 01:47:56,131 - validation average_precision: 0.47954668532334255
2020-12-07 01:47:56,136 - training loss: 0.04628545045852661
2020-12-07 01:47:56,138 - validation loss: 0.051221983106806875
2020-12-07 01:49:01,041 - [STEP 6200] average number of steps per second: 3.1
2020-12-07 01:49:35,087 - validation roc_auc: 0.963904506138393
2020-12-07 01:49:35,089 - validation average_precision: 0.4599273866917951
2020-12-07 01:49:35,093 - training loss: 0.021026581525802612
2020-12-07 01:49:35,095 - validation loss: 0.05355109662283212
2020-12-07 01:50:40,022 - [STEP 6400] average number of steps per second: 3.1
2020-12-07 01:51:14,070 - validation roc_auc: 0.9653014389349491
2020-12-07 01:51:14,071 - validation average_precision: 0.4621281145336174
2020-12-07 01:51:14,079 - training loss: 0.02060362696647644
2020-12-07 01:51:14,080 - validation loss: 0.050737069122027606
2020-12-07 01:52:19,034 - [STEP 6600] average number of steps per second: 3.1
2020-12-07 01:52:53,057 - validation roc_auc: 0.9661641023596937
2020-12-07 01:52:53,059 - validation average_precision: 0.44974708941928104
2020-12-07 01:52:53,062 - training loss: 0.014783579856157303
2020-12-07 01:52:53,064 - validation loss: 0.05088928963104263
2020-12-07 01:53:57,972 - [STEP 6800] average number of steps per second: 3.1
2020-12-07 01:54:32,037 - validation roc_auc: 0.9653123256138394
2020-12-07 01:54:32,039 - validation average_precision: 0.4757251301327353
2020-12-07 01:54:32,046 - training loss: 0.022832117974758148
2020-12-07 01:54:32,047 - validation loss: 0.050394672843627634
2020-12-07 01:55:37,165 - [STEP 7000] average number of steps per second: 3.1
2020-12-07 01:56:11,161 - validation roc_auc: 0.964253477758291
2020-12-07 01:56:11,162 - validation average_precision: 0.47953108096861974
2020-12-07 01:56:11,169 - training loss: 0.06477206945419312
2020-12-07 01:56:11,170 - validation loss: 0.05009853246994317
2020-12-07 01:57:16,049 - [STEP 7200] average number of steps per second: 3.1
2020-12-07 01:57:50,125 - validation roc_auc: 0.9636328124999999
2020-12-07 01:57:50,126 - validation average_precision: 0.4758395586869502
2020-12-07 01:57:50,132 - training loss: 0.034970130771398544
2020-12-07 01:57:50,133 - validation loss: 0.0506295929341577
2020-12-07 01:58:55,033 - [STEP 7400] average number of steps per second: 3.1
2020-12-07 01:59:29,004 - validation roc_auc: 0.9645081313775508
2020-12-07 01:59:29,005 - validation average_precision: 0.4778311727262248
2020-12-07 01:59:29,010 - training loss: 0.15560030937194824
2020-12-07 01:59:29,012 - validation loss: 0.05057892356393859
2020-12-07 02:00:33,964 - [STEP 7600] average number of steps per second: 3.1
2020-12-07 02:01:07,989 - validation roc_auc: 0.9657129902742349
2020-12-07 02:01:07,990 - validation average_precision: 0.47292166770088523
2020-12-07 02:01:07,998 - training loss: 0.10012327879667282
2020-12-07 02:01:07,998 - validation loss: 0.05127462833141908
2020-12-07 02:02:12,883 - [STEP 7800] average number of steps per second: 3.1
2020-12-07 02:02:46,865 - validation roc_auc: 0.9644080337213009
2020-12-07 02:02:46,867 - validation average_precision: 0.47458139344599903
2020-12-07 02:02:47,338 - training loss: 0.13758637011051178
2020-12-07 02:02:47,339 - validation loss: 0.049457153864204885
2020-12-07 02:03:52,508 - [STEP 8000] average number of steps per second: 3.1
2020-12-07 02:04:26,613 - validation roc_auc: 0.9657215850207269
2020-12-07 02:04:26,615 - validation average_precision: 0.4749958358814554
2020-12-07 02:04:26,619 - training loss: 0.06512891501188278
2020-12-07 02:04:26,620 - validation loss: 0.04960268399678171
2020-12-07 02:05:31,558 - [STEP 8200] average number of steps per second: 3.1
2020-12-07 02:06:05,491 - validation roc_auc: 0.9627991220902423
2020-12-07 02:06:05,493 - validation average_precision: 0.4550999637871518
2020-12-07 02:06:05,496 - training loss: 0.01757108047604561
2020-12-07 02:06:05,497 - validation loss: 0.05332525751972571
2020-12-07 02:07:10,407 - [STEP 8400] average number of steps per second: 3.1
2020-12-07 02:07:44,341 - validation roc_auc: 0.9616128477758291
2020-12-07 02:07:44,342 - validation average_precision: 0.45576546970600074
2020-12-07 02:07:44,349 - training loss: 0.1350422352552414
2020-12-07 02:07:44,350 - validation loss: 0.052329519054386764
2020-12-07 02:08:49,250 - [STEP 8600] average number of steps per second: 3.1
2020-12-07 02:09:23,303 - validation roc_auc: 0.9667129205197704
2020-12-07 02:09:23,304 - validation average_precision: 0.4744044429244225
2020-12-07 02:09:23,309 - training loss: 0.0159583892673254
2020-12-07 02:09:23,310 - validation loss: 0.050277225914876905
2020-12-07 02:10:28,229 - [STEP 8800] average number of steps per second: 3.1
2020-12-07 02:11:02,262 - validation roc_auc: 0.9679663335060585
2020-12-07 02:11:02,263 - validation average_precision: 0.47164027052671154
2020-12-07 02:11:02,774 - training loss: 0.026325732469558716
2020-12-07 02:11:02,775 - validation loss: 0.049123746286146346
2020-12-07 02:12:07,872 - [STEP 9000] average number of steps per second: 3.1
2020-12-07 02:12:41,815 - validation roc_auc: 0.9690625996492346
2020-12-07 02:12:41,816 - validation average_precision: 0.4697500369068618
Epoch    45: reducing learning rate of group 0 to 8.0000e-03.
2020-12-07 02:12:41,822 - training loss: 0.044304050505161285
2020-12-07 02:12:41,823 - validation loss: 0.04988265534257516
2020-12-07 02:13:46,695 - [STEP 9200] average number of steps per second: 3.1
2020-12-07 02:14:20,646 - validation roc_auc: 0.9682637117346938
2020-12-07 02:14:20,647 - validation average_precision: 0.470829039664087
2020-12-07 02:14:21,109 - training loss: 0.035654351115226746
2020-12-07 02:14:21,110 - validation loss: 0.04887383595528081
2020-12-07 02:15:26,277 - [STEP 9400] average number of steps per second: 3.1
2020-12-07 02:16:00,273 - validation roc_auc: 0.9645130141900511
2020-12-07 02:16:00,275 - validation average_precision: 0.43876376509725157
2020-12-07 02:16:00,277 - training loss: 0.017857227474451065
2020-12-07 02:16:00,281 - validation loss: 0.05035652850335464
2020-12-07 02:17:05,127 - [STEP 9600] average number of steps per second: 3.1
2020-12-07 02:17:39,117 - validation roc_auc: 0.9703632214604592
2020-12-07 02:17:39,119 - validation average_precision: 0.4761598087383103
2020-12-07 02:17:39,126 - training loss: 0.030893774703145027
2020-12-07 02:17:39,127 - validation loss: 0.050259005632251504
2020-12-07 02:18:44,025 - [STEP 9800] average number of steps per second: 3.1
2020-12-07 02:19:17,958 - validation roc_auc: 0.9717439114317601
2020-12-07 02:19:17,959 - validation average_precision: 0.4914984511571966
2020-12-07 02:19:18,429 - training loss: 0.022512154653668404
2020-12-07 02:19:18,430 - validation loss: 0.04857484434079379
2020-12-07 02:20:23,002 - Creating test dataset.
2020-12-07 02:21:18,512 - 55.50839805603027 s to load 120000 test examples (1875 test batches) to evaluate after all training steps.
2020-12-07 02:23:22,906 - test roc_auc: 0.970078442420528
2020-12-07 02:23:22,908 - test average_precision: 0.512140374073071
