

Outputs and logs saved to /content/gdrive/My Drive/Colab Notebooks/NeuralNetworksForGWAS/training_outputs/2020-12-11-19-40-48
2020-12-11 19:40:55,039 - Creating validation dataset.
2020-12-11 19:41:12,911 - 17.8704731464386 s to load 32000 validation examples (500 validation batches) to evaluate after each training step.
2020-12-11 19:41:17,016 - [STEP 10] average number of steps per second: 4.8
2020-12-11 19:41:20,462 - validation roc_auc: 0.5487814144212373
2020-12-11 19:41:20,464 - validation average_precision: 0.02407594985933017
2020-12-11 19:41:24,463 - training loss: 0.09301897138357162
2020-12-11 19:41:24,467 - validation loss: 0.1313611729601398
2020-12-11 19:41:26,299 - [STEP 20] average number of steps per second: 5.5
2020-12-11 19:41:29,871 - validation roc_auc: 0.5581976692044004
2020-12-11 19:41:29,872 - validation average_precision: 0.02467878462852265
2020-12-11 19:41:29,881 - training loss: 0.10396072268486023
2020-12-11 19:41:29,882 - validation loss: 0.13669942668057047
2020-12-11 19:41:31,625 - [STEP 30] average number of steps per second: 5.7
2020-12-11 19:41:35,289 - validation roc_auc: 0.5669446797273596
2020-12-11 19:41:35,290 - validation average_precision: 0.02528254874227339
2020-12-11 19:41:45,239 - training loss: 0.09848810732364655
2020-12-11 19:41:45,241 - validation loss: 0.12146246766112745
2020-12-11 19:41:48,929 - [STEP 40] average number of steps per second: 2.7
2020-12-11 19:41:52,583 - validation roc_auc: 0.4288872419084821
2020-12-11 19:41:52,584 - validation average_precision: 0.016719989505754564
2020-12-11 19:42:11,408 - training loss: 0.005694994702935219
2020-12-11 19:42:11,409 - validation loss: 0.10819239354878664
2020-12-11 19:42:18,200 - [STEP 50] average number of steps per second: 1.5
2020-12-11 19:42:21,835 - validation roc_auc: 0.42858154296875
2020-12-11 19:42:21,836 - validation average_precision: 0.016712984871094377
2020-12-11 19:42:37,113 - training loss: 0.2273697853088379
2020-12-11 19:42:37,117 - validation loss: 0.1027269506379962
2020-12-11 19:42:44,098 - [STEP 60] average number of steps per second: 1.4
2020-12-11 19:42:47,692 - validation roc_auc: 0.42888437699298476
2020-12-11 19:42:47,693 - validation average_precision: 0.016686280695097134
2020-12-11 19:43:07,467 - training loss: 0.13885140419006348
2020-12-11 19:43:07,468 - validation loss: 0.10224372718855738
2020-12-11 19:43:09,309 - [STEP 70] average number of steps per second: 5.4
2020-12-11 19:43:13,011 - validation roc_auc: 0.43024217255261477
2020-12-11 19:43:13,012 - validation average_precision: 0.016713819165240614
2020-12-11 19:43:33,249 - training loss: 0.14548556506633759
2020-12-11 19:43:33,250 - validation loss: 0.10142599728703498
2020-12-11 19:43:35,346 - [STEP 80] average number of steps per second: 4.8
2020-12-11 19:43:38,997 - validation roc_auc: 0.432418138153699
2020-12-11 19:43:38,998 - validation average_precision: 0.016814016920040975
2020-12-11 19:43:59,428 - training loss: 0.268974244594574
2020-12-11 19:43:59,438 - validation loss: 0.10120583153143525
2020-12-11 19:44:01,124 - [STEP 90] average number of steps per second: 6.0
2020-12-11 19:44:04,648 - validation roc_auc: 0.43451042330994893
2020-12-11 19:44:04,649 - validation average_precision: 0.01690069297486292
2020-12-11 19:44:25,844 - training loss: 0.0186908058822155
2020-12-11 19:44:25,845 - validation loss: 0.10095333042740821
2020-12-11 19:44:28,713 - [STEP 100] average number of steps per second: 3.5
2020-12-11 19:44:32,429 - validation roc_auc: 0.43567893514827805
2020-12-11 19:44:32,431 - validation average_precision: 0.016974747748634403
2020-12-11 19:44:47,354 - training loss: 0.015053631737828255
2020-12-11 19:44:47,355 - validation loss: 0.10034870710037648
2020-12-11 19:44:50,423 - [STEP 110] average number of steps per second: 3.3
2020-12-11 19:44:54,107 - validation roc_auc: 0.4364898058832908
2020-12-11 19:44:54,109 - validation average_precision: 0.017027310191385318
2020-12-11 19:44:54,117 - training loss: 0.36679643392562866
2020-12-11 19:44:54,118 - validation loss: 0.10109266007505358
2020-12-11 19:44:55,905 - [STEP 120] average number of steps per second: 5.6
2020-12-11 19:44:59,550 - validation roc_auc: 0.43683900171396683
2020-12-11 19:44:59,551 - validation average_precision: 0.017037663834794967
2020-12-11 19:45:14,781 - training loss: 0.08073730021715164
2020-12-11 19:45:14,782 - validation loss: 0.09927886715531349
2020-12-11 19:45:16,626 - [STEP 130] average number of steps per second: 5.4
2020-12-11 19:45:20,327 - validation roc_auc: 0.4371931800063776
2020-12-11 19:45:20,328 - validation average_precision: 0.017039610873424715
2020-12-11 19:45:43,149 - training loss: 0.14851327240467072
2020-12-11 19:45:43,150 - validation loss: 0.09894126261025667
2020-12-11 19:45:47,512 - [STEP 140] average number of steps per second: 2.3
2020-12-11 19:45:51,351 - validation roc_auc: 0.43795721560108425
2020-12-11 19:45:51,352 - validation average_precision: 0.017056399268527315
2020-12-11 19:46:04,442 - training loss: 0.1384984850883484
2020-12-11 19:46:04,444 - validation loss: 0.09880456094071269
2020-12-11 19:46:11,604 - [STEP 150] average number of steps per second: 1.4
2020-12-11 19:46:15,310 - validation roc_auc: 0.43878729372608416
2020-12-11 19:46:15,311 - validation average_precision: 0.01709724954649775
2020-12-11 19:46:15,318 - training loss: 0.08569768816232681
2020-12-11 19:46:15,319 - validation loss: 0.09969109185039997
2020-12-11 19:46:17,081 - [STEP 160] average number of steps per second: 5.7
2020-12-11 19:46:20,834 - validation roc_auc: 0.43955347177933674
2020-12-11 19:46:20,835 - validation average_precision: 0.017147084264060964
2020-12-11 19:46:33,689 - training loss: 0.08281232416629791
2020-12-11 19:46:33,693 - validation loss: 0.09824682407453657
2020-12-11 19:46:35,444 - [STEP 170] average number of steps per second: 5.7
2020-12-11 19:46:39,183 - validation roc_auc: 0.43999160455197706
2020-12-11 19:46:39,184 - validation average_precision: 0.01717027594274285
2020-12-11 19:46:56,090 - training loss: 0.1418144851922989
2020-12-11 19:46:56,092 - validation loss: 0.09810502422973513
2020-12-11 19:47:01,732 - [STEP 180] average number of steps per second: 1.8
2020-12-11 19:47:05,460 - validation roc_auc: 0.5598290766501913
2020-12-11 19:47:05,461 - validation average_precision: 0.024494922546838875
2020-12-11 19:47:05,468 - training loss: 0.023469820618629456
2020-12-11 19:47:05,469 - validation loss: 0.09822468242421746
2020-12-11 19:47:07,222 - [STEP 190] average number of steps per second: 5.7
2020-12-11 19:47:10,917 - validation roc_auc: 0.5598374720982142
2020-12-11 19:47:10,918 - validation average_precision: 0.024500064006443976
2020-12-11 19:47:24,321 - training loss: 0.022111494094133377
2020-12-11 19:47:24,326 - validation loss: 0.09797451315447687
2020-12-11 19:47:26,005 - Creating test dataset.
2020-12-11 19:48:20,590 - 54.58421850204468 s to load 120000 test examples (1875 test batches) to evaluate after all training steps.
2020-12-11 19:48:34,591 - test roc_auc: 0.5552947079348143
2020-12-11 19:48:34,593 - test average_precision: 0.026993979858419184

