

Outputs and logs saved to /content/gdrive/My Drive/Colab Notebooks/NeuralNetworksForGWAS/training_outputs/2020-12-11-19-30-48
2020-12-11 19:30:57,005 - Creating validation dataset.
2020-12-11 19:31:32,291 - 35.28394532203674 s to load 32000 validation examples (500 validation batches) to evaluate after each training step.
2020-12-11 19:32:31,068 - [STEP 10] average number of steps per second: 0.2
2020-12-11 19:32:33,362 - validation roc_auc: 0.5517882802535077
2020-12-11 19:32:33,364 - validation average_precision: 0.02356492475954607
2020-12-11 19:32:35,771 - training loss: 0.14879025518894196
2020-12-11 19:32:35,773 - validation loss: 0.0512563312575221
2020-12-11 19:32:49,878 - [STEP 20] average number of steps per second: 0.7
2020-12-11 19:32:52,155 - validation roc_auc: 0.5265285196109694
2020-12-11 19:32:52,157 - validation average_precision: 0.021972744145466842
2020-12-11 19:32:54,582 - training loss: 0.15136873722076416
2020-12-11 19:32:54,584 - validation loss: 0.01980759820283856
2020-12-11 19:33:02,393 - [STEP 30] average number of steps per second: 1.3
2020-12-11 19:33:04,709 - validation roc_auc: 0.49177440409757645
2020-12-11 19:33:04,710 - validation average_precision: 0.020597455167771027
2020-12-11 19:33:04,713 - training loss: 0.26666128635406494
2020-12-11 19:33:04,714 - validation loss: 0.04398472316097468
2020-12-11 19:33:11,595 - [STEP 40] average number of steps per second: 1.5
2020-12-11 19:33:13,830 - validation roc_auc: 0.5512253866390306
2020-12-11 19:33:13,832 - validation average_precision: 0.023138141891060497
2020-12-11 19:33:13,837 - training loss: 0.204574853181839
2020-12-11 19:33:13,839 - validation loss: 0.04469822263391689
2020-12-11 19:33:17,283 - [STEP 50] average number of steps per second: 2.9
2020-12-11 19:33:19,514 - validation roc_auc: 0.4741193000637755
2020-12-11 19:33:19,515 - validation average_precision: 0.018656534468811353
2020-12-11 19:33:19,521 - training loss: 0.29728245735168457
2020-12-11 19:33:19,522 - validation loss: 0.12422549580037594
2020-12-11 19:33:23,098 - [STEP 60] average number of steps per second: 2.8
2020-12-11 19:33:25,332 - validation roc_auc: 0.5122998295998087
2020-12-11 19:33:25,333 - validation average_precision: 0.020395222939689265
2020-12-11 19:33:25,340 - training loss: 0.12987956404685974
2020-12-11 19:33:25,341 - validation loss: 0.09808043853193521
2020-12-11 19:33:27,092 - [STEP 70] average number of steps per second: 5.7
2020-12-11 19:33:29,246 - validation roc_auc: 0.5274992028061225
2020-12-11 19:33:29,247 - validation average_precision: 0.021739985093035152
2020-12-11 19:33:29,251 - training loss: 0.03213052824139595
2020-12-11 19:33:29,253 - validation loss: 0.5823693863153457
2020-12-11 19:33:30,552 - [STEP 80] average number of steps per second: 7.7
2020-12-11 19:33:32,682 - validation roc_auc: 0.5082492625956633
2020-12-11 19:33:32,683 - validation average_precision: 0.020442347232417488
2020-12-11 19:33:32,685 - training loss: 0.06187572702765465
2020-12-11 19:33:32,686 - validation loss: 0.786501919388771
2020-12-11 19:33:34,617 - [STEP 90] average number of steps per second: 5.2
2020-12-11 19:33:36,792 - validation roc_auc: 0.45754905233577803
2020-12-11 19:33:36,794 - validation average_precision: 0.018127626191851143
2020-12-11 19:33:36,799 - training loss: 0.0002529802732169628
2020-12-11 19:33:36,800 - validation loss: 0.6985807647705078
2020-12-11 19:33:38,735 - [STEP 100] average number of steps per second: 5.2
2020-12-11 19:33:40,890 - validation roc_auc: 0.46848563058035714
2020-12-11 19:33:40,891 - validation average_precision: 0.018455910174076245
2020-12-11 19:33:40,895 - training loss: 5.6068336562020704e-05
2020-12-11 19:33:40,896 - validation loss: 0.043898127453401686
2020-12-11 19:33:43,518 - [STEP 110] average number of steps per second: 3.8
2020-12-11 19:33:45,681 - validation roc_auc: 0.46810706313775513
2020-12-11 19:33:45,682 - validation average_precision: 0.018238273929071076
2020-12-11 19:33:45,686 - training loss: 0.0780910775065422
2020-12-11 19:33:45,688 - validation loss: 0.020076402453210903
2020-12-11 19:33:48,083 - [STEP 120] average number of steps per second: 4.2
2020-12-11 19:33:50,244 - validation roc_auc: 0.46704146404655617
2020-12-11 19:33:50,245 - validation average_precision: 0.018175929543555996
2020-12-11 19:33:50,252 - training loss: 0.015622229315340519
2020-12-11 19:33:50,252 - validation loss: 0.019957056773488604
2020-12-11 19:33:52,498 - [STEP 130] average number of steps per second: 4.5
2020-12-11 19:33:54,666 - validation roc_auc: 0.46951685068558674
2020-12-11 19:33:54,667 - validation average_precision: 0.01825787121067171
2020-12-11 19:33:54,669 - training loss: 0.031250257045030594
2020-12-11 19:33:54,670 - validation loss: 0.01996557755485378
2020-12-11 19:33:55,835 - [STEP 140] average number of steps per second: 8.6
2020-12-11 19:33:57,982 - validation roc_auc: 0.47399872448979596
2020-12-11 19:33:57,983 - validation average_precision: 0.01847736444141984
2020-12-11 19:33:57,990 - training loss: 0.030496109277009964
2020-12-11 19:33:57,990 - validation loss: 0.019968452781219413
2020-12-11 19:33:59,090 - [STEP 150] average number of steps per second: 9.1
2020-12-11 19:34:01,236 - validation roc_auc: 0.4857132393973215
2020-12-11 19:34:01,237 - validation average_precision: 0.019091487788525676
2020-12-11 19:34:01,240 - training loss: 0.015654150396585464
2020-12-11 19:34:01,242 - validation loss: 0.02004180456200902
2020-12-11 19:34:03,403 - [STEP 160] average number of steps per second: 4.6
2020-12-11 19:34:05,591 - validation roc_auc: 0.48422278579400513
2020-12-11 19:34:05,592 - validation average_precision: 0.01906680410570504
2020-12-11 19:34:05,598 - training loss: 0.015628334134817123
2020-12-11 19:34:05,600 - validation loss: 0.01997071872423976
2020-12-11 19:34:07,526 - [STEP 170] average number of steps per second: 5.2
2020-12-11 19:34:09,717 - validation roc_auc: 0.4758583286830357
2020-12-11 19:34:09,718 - validation average_precision: 0.018771832894658266
2020-12-11 19:34:09,725 - training loss: 0.03121989592909813
2020-12-11 19:34:09,726 - validation loss: 0.019962089703595892
2020-12-11 19:34:11,426 - [STEP 180] average number of steps per second: 5.9
2020-12-11 19:34:13,577 - validation roc_auc: 0.46163990254304843
2020-12-11 19:34:13,578 - validation average_precision: 0.018040227634444534
2020-12-11 19:34:13,584 - training loss: 2.957475771836471e-06
2020-12-11 19:34:13,584 - validation loss: 0.01996984008046013
2020-12-11 19:34:14,339 - [STEP 190] average number of steps per second: 13.3
2020-12-11 19:34:16,498 - validation roc_auc: 0.45614123286033165
2020-12-11 19:34:16,499 - validation average_precision: 0.017751197807242554
Epoch    19: reducing learning rate of group 0 to 1.6000e-01.
2020-12-11 19:34:16,505 - training loss: 8.613318982497731e-07
2020-12-11 19:34:16,507 - validation loss: 0.019974243709684515
2020-12-11 19:34:18,549 - Creating test dataset.
2020-12-11 19:35:41,878 - 83.32729172706604 s to load 120000 test examples (1875 test batches) to evaluate after all training steps.
2020-12-11 19:35:50,065 - test roc_auc: 0.4515174414827368
2020-12-11 19:35:50,066 - test average_precision: 0.018740738048558418

