Outputs and logs saved to /content/gdrive/My Drive/Colab Notebooks/NeuralNetworksForGWAS/training_outputs/2020-12-06-15-44-48
2020-12-06 15:44:57,838 - Creating validation dataset.
2020-12-06 15:45:32,420 - 34.580700159072876 s to load 32000 validation examples (500 validation batches) to evaluate after each training step.
2020-12-06 15:47:19,647 - [STEP 200] average number of steps per second: 1.9
2020-12-06 15:47:32,433 - validation roc_auc: 0.6160805963010204
2020-12-06 15:47:32,435 - validation average_precision: 0.03483148512663889
2020-12-06 15:47:32,746 - training loss: 0.1453767716884613
2020-12-06 15:47:32,747 - validation loss: 0.09711013079434633
2020-12-06 15:48:03,288 - [STEP 400] average number of steps per second: 6.5
2020-12-06 15:48:16,535 - validation roc_auc: 0.6555126704001915
2020-12-06 15:48:16,536 - validation average_precision: 0.04504075696575424
2020-12-06 15:48:16,854 - training loss: 0.14034569263458252
2020-12-06 15:48:16,857 - validation loss: 0.0955749983675778
2020-12-06 15:48:46,523 - [STEP 600] average number of steps per second: 6.7
2020-12-06 15:49:00,205 - validation roc_auc: 0.7036988052056761
2020-12-06 15:49:00,206 - validation average_precision: 0.06597635695289181
2020-12-06 15:49:00,515 - training loss: 0.15084879100322723
2020-12-06 15:49:00,516 - validation loss: 0.09257464346289634
2020-12-06 15:49:27,535 - [STEP 800] average number of steps per second: 7.4
2020-12-06 15:49:41,025 - validation roc_auc: 0.7269730050223214
2020-12-06 15:49:41,026 - validation average_precision: 0.07210970473389386
2020-12-06 15:49:41,334 - training loss: 0.024199601262807846
2020-12-06 15:49:41,335 - validation loss: 0.09138365258648992
2020-12-06 15:50:08,603 - [STEP 1000] average number of steps per second: 7.4
2020-12-06 15:50:22,163 - validation roc_auc: 0.7633662757095026
2020-12-06 15:50:22,164 - validation average_precision: 0.08169959935782442
2020-12-06 15:50:22,474 - training loss: 0.2025604248046875
2020-12-06 15:50:22,479 - validation loss: 0.08917947030812502
2020-12-06 15:50:48,197 - [STEP 1200] average number of steps per second: 7.8
2020-12-06 15:51:01,698 - validation roc_auc: 0.7954276945153061
2020-12-06 15:51:01,699 - validation average_precision: 0.11705598936926544
2020-12-06 15:51:02,023 - training loss: 0.10840543359518051
2020-12-06 15:51:02,024 - validation loss: 0.08497745506465434
2020-12-06 15:51:28,387 - [STEP 1400] average number of steps per second: 7.6
2020-12-06 15:51:41,924 - validation roc_auc: 0.8047973134566326
2020-12-06 15:51:41,925 - validation average_precision: 0.11165836843947266
2020-12-06 15:51:42,257 - training loss: 0.118706114590168
2020-12-06 15:51:42,261 - validation loss: 0.08463625403121114
2020-12-06 15:52:08,231 - [STEP 1600] average number of steps per second: 7.7
2020-12-06 15:52:21,741 - validation roc_auc: 0.808443528778699
2020-12-06 15:52:21,743 - validation average_precision: 0.1225507154147407
2020-12-06 15:52:22,059 - training loss: 0.06622853130102158
2020-12-06 15:52:22,060 - validation loss: 0.08350223853252828
2020-12-06 15:52:47,995 - [STEP 1800] average number of steps per second: 7.7
2020-12-06 15:53:01,500 - validation roc_auc: 0.8234607182716838
2020-12-06 15:53:01,501 - validation average_precision: 0.1284642740293535
2020-12-06 15:53:01,508 - training loss: 0.11297066509723663
2020-12-06 15:53:01,508 - validation loss: 0.08567520901188254
2020-12-06 15:53:26,950 - [STEP 2000] average number of steps per second: 7.9
2020-12-06 15:53:40,512 - validation roc_auc: 0.8344415158641583
2020-12-06 15:53:40,513 - validation average_precision: 0.1944468705115776
2020-12-06 15:53:40,824 - training loss: 0.0687301829457283
2020-12-06 15:53:40,826 - validation loss: 0.07882472801208495
2020-12-06 15:54:05,842 - [STEP 2200] average number of steps per second: 8.0
2020-12-06 15:54:19,344 - validation roc_auc: 0.8761092454559949
2020-12-06 15:54:19,345 - validation average_precision: 0.20153456678207798
2020-12-06 15:54:19,655 - training loss: 0.023126177489757538
2020-12-06 15:54:19,659 - validation loss: 0.0758610010817647
2020-12-06 15:54:44,717 - [STEP 2400] average number of steps per second: 8.0
2020-12-06 15:54:58,224 - validation roc_auc: 0.8724882663026148
2020-12-06 15:54:58,225 - validation average_precision: 0.20677441297806023
2020-12-06 15:54:59,645 - training loss: 0.10288342833518982
2020-12-06 15:54:59,646 - validation loss: 0.0752631145697087
2020-12-06 15:55:24,835 - [STEP 2600] average number of steps per second: 7.9
2020-12-06 15:55:38,341 - validation roc_auc: 0.8630284149792732
2020-12-06 15:55:38,342 - validation average_precision: 0.18540203434072305
2020-12-06 15:55:38,348 - training loss: 0.22786961495876312
2020-12-06 15:55:38,350 - validation loss: 0.07710141089744865
2020-12-06 15:56:03,222 - [STEP 2800] average number of steps per second: 8.0
2020-12-06 15:56:16,725 - validation roc_auc: 0.8733184191645408
2020-12-06 15:56:16,726 - validation average_precision: 0.24623846734159066
2020-12-06 15:56:17,037 - training loss: 0.07328970730304718
2020-12-06 15:56:17,038 - validation loss: 0.07362526612915099
2020-12-06 15:56:42,253 - [STEP 3000] average number of steps per second: 8.0
2020-12-06 15:56:55,771 - validation roc_auc: 0.8971822684151787
2020-12-06 15:56:55,772 - validation average_precision: 0.2923784105066017
2020-12-06 15:56:56,085 - training loss: 0.07671010494232178
2020-12-06 15:56:56,086 - validation loss: 0.0696019296310842
2020-12-06 15:57:20,948 - [STEP 3200] average number of steps per second: 8.0
2020-12-06 15:57:34,468 - validation roc_auc: 0.9062703035315689
2020-12-06 15:57:34,469 - validation average_precision: 0.307363533107815
2020-12-06 15:57:34,781 - training loss: 0.10268513858318329
2020-12-06 15:57:34,782 - validation loss: 0.06830278331972658
2020-12-06 15:57:59,703 - [STEP 3400] average number of steps per second: 8.0
2020-12-06 15:58:13,225 - validation roc_auc: 0.9185149772799746
2020-12-06 15:58:13,226 - validation average_precision: 0.3253488613645574
2020-12-06 15:58:13,538 - training loss: 0.10033150017261505
2020-12-06 15:58:13,539 - validation loss: 0.06548855921812355
2020-12-06 15:58:38,583 - [STEP 3600] average number of steps per second: 8.0
2020-12-06 15:58:52,097 - validation roc_auc: 0.9134978625239158
2020-12-06 15:58:52,098 - validation average_precision: 0.31300137443491916
2020-12-06 15:58:52,104 - training loss: 0.09519200026988983
2020-12-06 15:58:52,105 - validation loss: 0.06806344136595727
2020-12-06 15:59:17,092 - [STEP 3800] average number of steps per second: 8.0
2020-12-06 15:59:30,601 - validation roc_auc: 0.9232505580357143
2020-12-06 15:59:30,602 - validation average_precision: 0.36288597230553893
2020-12-06 15:59:30,914 - training loss: 0.03201628476381302
2020-12-06 15:59:30,918 - validation loss: 0.06246107182279229
2020-12-06 15:59:55,813 - [STEP 4000] average number of steps per second: 8.1
2020-12-06 16:00:09,346 - validation roc_auc: 0.9287827098612882
2020-12-06 16:00:09,348 - validation average_precision: 0.3395352558087825
2020-12-06 16:00:10,604 - training loss: 0.07219991087913513
2020-12-06 16:00:10,605 - validation loss: 0.06241604988090694
2020-12-06 16:00:35,672 - [STEP 4200] average number of steps per second: 8.0
2020-12-06 16:00:49,175 - validation roc_auc: 0.9300018933354591
2020-12-06 16:00:49,177 - validation average_precision: 0.38060662536511897
2020-12-06 16:00:49,189 - training loss: 0.08001700788736343
2020-12-06 16:00:49,191 - validation loss: 0.06552465587295592
2020-12-06 16:01:13,950 - [STEP 4400] average number of steps per second: 8.1
2020-12-06 16:01:27,457 - validation roc_auc: 0.9428452845982143
2020-12-06 16:01:27,459 - validation average_precision: 0.3848159068252116
2020-12-06 16:01:27,778 - training loss: 0.024939758703112602
2020-12-06 16:01:27,779 - validation loss: 0.058332212739624086
2020-12-06 16:01:52,501 - [STEP 4600] average number of steps per second: 8.1
2020-12-06 16:02:06,013 - validation roc_auc: 0.9390248575015944
2020-12-06 16:02:06,014 - validation average_precision: 0.38650159760468267
2020-12-06 16:02:06,020 - training loss: 0.03737012669444084
2020-12-06 16:02:06,022 - validation loss: 0.058550942450296135
2020-12-06 16:02:30,745 - [STEP 4800] average number of steps per second: 8.1
2020-12-06 16:02:44,255 - validation roc_auc: 0.9263782236527425
2020-12-06 16:02:44,256 - validation average_precision: 0.38904666795301557
2020-12-06 16:02:44,262 - training loss: 0.04636881873011589
2020-12-06 16:02:44,263 - validation loss: 0.06013669787673279
2020-12-06 16:03:08,991 - [STEP 5000] average number of steps per second: 8.1
2020-12-06 16:03:22,532 - validation roc_auc: 0.944019775390625
2020-12-06 16:03:22,533 - validation average_precision: 0.3993221706152919
2020-12-06 16:03:22,856 - training loss: 0.027307672426104546
2020-12-06 16:03:22,859 - validation loss: 0.056870878314599395
2020-12-06 16:03:47,595 - [STEP 5200] average number of steps per second: 8.1
2020-12-06 16:04:01,080 - validation roc_auc: 0.9398153997927297
2020-12-06 16:04:01,082 - validation average_precision: 0.3808854418829589
2020-12-06 16:04:01,085 - training loss: 0.06429898738861084
2020-12-06 16:04:01,087 - validation loss: 0.05890702916122973
2020-12-06 16:04:25,794 - [STEP 5400] average number of steps per second: 8.1
2020-12-06 16:04:39,298 - validation roc_auc: 0.9486017468510842
2020-12-06 16:04:39,299 - validation average_precision: 0.40693626855153925
2020-12-06 16:04:39,615 - training loss: 0.11557839065790176
2020-12-06 16:04:39,618 - validation loss: 0.056671091342810544
2020-12-06 16:05:04,289 - [STEP 5600] average number of steps per second: 8.1
2020-12-06 16:05:17,798 - validation roc_auc: 0.9525124063297192
2020-12-06 16:05:17,799 - validation average_precision: 0.4274938847200708
2020-12-06 16:05:18,100 - training loss: 0.07221221178770065
2020-12-06 16:05:18,106 - validation loss: 0.05519077825266868
2020-12-06 16:05:42,780 - [STEP 5800] average number of steps per second: 8.1
2020-12-06 16:05:56,290 - validation roc_auc: 0.9516122747927295
2020-12-06 16:05:56,292 - validation average_precision: 0.4421259084529701
2020-12-06 16:05:56,299 - training loss: 0.05685630068182945
2020-12-06 16:05:56,299 - validation loss: 0.05697271517291665
2020-12-06 16:06:21,015 - [STEP 6000] average number of steps per second: 8.1
2020-12-06 16:06:34,534 - validation roc_auc: 0.947490757533482
2020-12-06 16:06:34,535 - validation average_precision: 0.4360510599687206
2020-12-06 16:06:34,540 - training loss: 0.03790115565061569
2020-12-06 16:06:34,541 - validation loss: 0.055365145839285104
2020-12-06 16:06:59,041 - [STEP 6200] average number of steps per second: 8.2
2020-12-06 16:07:12,534 - validation roc_auc: 0.9547021733498087
2020-12-06 16:07:12,535 - validation average_precision: 0.4172943773659511
2020-12-06 16:07:12,540 - training loss: 0.022288354113698006
2020-12-06 16:07:12,541 - validation loss: 0.055710575382225215
2020-12-06 16:07:37,121 - [STEP 6400] average number of steps per second: 8.1
2020-12-06 16:07:50,624 - validation roc_auc: 0.9541478246572066
2020-12-06 16:07:50,625 - validation average_precision: 0.42777403760185617
2020-12-06 16:07:50,936 - training loss: 0.028085414320230484
2020-12-06 16:07:50,940 - validation loss: 0.055009330745320766
2020-12-06 16:08:15,589 - [STEP 6600] average number of steps per second: 8.1
2020-12-06 16:08:29,090 - validation roc_auc: 0.9539970304528059
2020-12-06 16:08:29,091 - validation average_precision: 0.4232487298402264
2020-12-06 16:08:30,512 - training loss: 0.027494341135025024
2020-12-06 16:08:30,513 - validation loss: 0.054740494830533865
2020-12-06 16:08:55,161 - [STEP 6800] average number of steps per second: 8.1
2020-12-06 16:09:08,662 - validation roc_auc: 0.956241081393495
2020-12-06 16:09:08,663 - validation average_precision: 0.44103821444060565
2020-12-06 16:09:08,977 - training loss: 0.027268651872873306
2020-12-06 16:09:08,978 - validation loss: 0.053336110746487975
2020-12-06 16:09:33,815 - [STEP 7000] average number of steps per second: 8.1
2020-12-06 16:09:47,345 - validation roc_auc: 0.9546908133370536
2020-12-06 16:09:47,346 - validation average_precision: 0.43407386134141984
2020-12-06 16:09:47,351 - training loss: 0.04577977955341339
2020-12-06 16:09:47,352 - validation loss: 0.053682841855566946
2020-12-06 16:10:11,943 - [STEP 7200] average number of steps per second: 8.1
2020-12-06 16:10:25,442 - validation roc_auc: 0.9476320352359695
2020-12-06 16:10:25,443 - validation average_precision: 0.4312670372869579
2020-12-06 16:10:25,451 - training loss: 0.03752502053976059
2020-12-06 16:10:25,452 - validation loss: 0.05542660748772323
2020-12-06 16:10:50,319 - [STEP 7400] average number of steps per second: 8.0
2020-12-06 16:11:03,819 - validation roc_auc: 0.9548680395009566
2020-12-06 16:11:03,821 - validation average_precision: 0.44380797776941533
2020-12-06 16:11:03,830 - training loss: 0.13749468326568604
2020-12-06 16:11:03,831 - validation loss: 0.05494962336402386
2020-12-06 16:11:28,358 - [STEP 7600] average number of steps per second: 8.2
2020-12-06 16:11:41,868 - validation roc_auc: 0.9564655412946429
2020-12-06 16:11:41,869 - validation average_precision: 0.4420715328816028
2020-12-06 16:11:41,875 - training loss: 0.0950896292924881
2020-12-06 16:11:41,876 - validation loss: 0.05359540144633502
2020-12-06 16:12:06,522 - [STEP 7800] average number of steps per second: 8.1
2020-12-06 16:12:20,030 - validation roc_auc: 0.9524290995695155
2020-12-06 16:12:20,031 - validation average_precision: 0.4353503482514466
2020-12-06 16:12:20,034 - training loss: 0.15977473556995392
2020-12-06 16:12:20,036 - validation loss: 0.05338574396725744
2020-12-06 16:12:44,735 - [STEP 8000] average number of steps per second: 8.1
2020-12-06 16:12:58,263 - validation roc_auc: 0.9516696478396046
2020-12-06 16:12:58,264 - validation average_precision: 0.43750715659263406
2020-12-06 16:12:58,268 - training loss: 0.10829924792051315
2020-12-06 16:12:58,270 - validation loss: 0.05336266861064359
2020-12-06 16:13:22,924 - [STEP 8200] average number of steps per second: 8.1
2020-12-06 16:13:36,432 - validation roc_auc: 0.9534848582987883
2020-12-06 16:13:36,433 - validation average_precision: 0.4334152174829318
2020-12-06 16:13:36,438 - training loss: 0.020560408011078835
2020-12-06 16:13:36,439 - validation loss: 0.053987568696495146
2020-12-06 16:14:01,103 - [STEP 8400] average number of steps per second: 8.1
2020-12-06 16:14:14,606 - validation roc_auc: 0.9503434909119897
2020-12-06 16:14:14,607 - validation average_precision: 0.41650551551315385
2020-12-06 16:14:14,612 - training loss: 0.13314497470855713
2020-12-06 16:14:14,613 - validation loss: 0.054740952257998285
2020-12-06 16:14:39,265 - [STEP 8600] average number of steps per second: 8.1
2020-12-06 16:14:52,755 - validation roc_auc: 0.9530253507653061
2020-12-06 16:14:52,756 - validation average_precision: 0.44076190716505703
2020-12-06 16:14:52,764 - training loss: 0.013252061791718006
2020-12-06 16:14:52,765 - validation loss: 0.05396111834514886
2020-12-06 16:15:17,425 - [STEP 8800] average number of steps per second: 8.1
2020-12-06 16:15:30,928 - validation roc_auc: 0.952962123325893
2020-12-06 16:15:30,930 - validation average_precision: 0.43433049996179285
2020-12-06 16:15:31,241 - training loss: 0.034723468124866486
2020-12-06 16:15:31,242 - validation loss: 0.05312558197788894
2020-12-06 16:15:56,160 - [STEP 9000] average number of steps per second: 8.1
2020-12-06 16:16:09,690 - validation roc_auc: 0.9560122369260203
2020-12-06 16:16:09,691 - validation average_precision: 0.4406392056810441
2020-12-06 16:16:09,998 - training loss: 0.042193565517663956
2020-12-06 16:16:09,999 - validation loss: 0.05266470211138949
2020-12-06 16:16:34,647 - [STEP 9200] average number of steps per second: 8.1
2020-12-06 16:16:48,152 - validation roc_auc: 0.9568278160873726
2020-12-06 16:16:48,153 - validation average_precision: 0.4314976303370468
2020-12-06 16:16:48,473 - training loss: 0.029114779084920883
2020-12-06 16:16:48,474 - validation loss: 0.052655792181845754
2020-12-06 16:17:13,478 - [STEP 9400] average number of steps per second: 8.0
2020-12-06 16:17:26,976 - validation roc_auc: 0.9535281309789541
2020-12-06 16:17:26,977 - validation average_precision: 0.4091602496702907
2020-12-06 16:17:26,984 - training loss: 0.011936347000300884
2020-12-06 16:17:26,985 - validation loss: 0.054606290779542176
2020-12-06 16:17:51,566 - [STEP 9600] average number of steps per second: 8.1
2020-12-06 16:18:05,069 - validation roc_auc: 0.9565968042490434
2020-12-06 16:18:05,070 - validation average_precision: 0.4443724892679763
2020-12-06 16:18:06,332 - training loss: 0.03448377177119255
2020-12-06 16:18:06,333 - validation loss: 0.052607232075184585
2020-12-06 16:18:30,974 - [STEP 9800] average number of steps per second: 8.1
2020-12-06 16:18:44,474 - validation roc_auc: 0.9578645916374361
2020-12-06 16:18:44,476 - validation average_precision: 0.4555043421075384
2020-12-06 16:18:44,482 - training loss: 0.025871410965919495
2020-12-06 16:18:44,484 - validation loss: 0.0528038279064931
2020-12-06 16:19:08,990 - Creating test dataset.
2020-12-06 16:20:05,858 - 56.86590123176575 s to load 120000 test examples (1875 test batches) to evaluate after all training steps.
2020-12-06 16:20:57,043 - test roc_auc: 0.9543731625924797
2020-12-06 16:20:57,045 - test average_precision: 0.44959741113530555