

Outputs and logs saved to /content/gdrive/My Drive/Colab Notebooks/NeuralNetworksForGWAS/training_outputs/2020-12-07-15-43-49
2020-12-07 15:43:55,145 - Creating validation dataset.
2020-12-07 15:44:15,664 - 20.516902923583984 s to load 32000 validation examples (500 validation batches) to evaluate after each training step.
2020-12-07 15:44:20,543 - [STEP 10] average number of steps per second: 3.8
2020-12-07 15:44:27,815 - validation roc_auc: 0.5489915995695154
2020-12-07 15:44:27,816 - validation average_precision: 0.02398226430127445
2020-12-07 15:44:33,178 - training loss: 0.10549230128526688
2020-12-07 15:44:33,180 - validation loss: 0.21796564652812594
2020-12-07 15:44:35,816 - [STEP 20] average number of steps per second: 3.8
2020-12-07 15:44:43,640 - validation roc_auc: 0.4439738869180485
2020-12-07 15:44:43,641 - validation average_precision: 0.017162557117225644
2020-12-07 15:44:49,623 - training loss: 0.12030787020921707
2020-12-07 15:44:49,625 - validation loss: 0.1451362535665976
2020-12-07 15:44:56,047 - [STEP 30] average number of steps per second: 1.6
2020-12-07 15:45:03,724 - validation roc_auc: 0.4538393355389031
2020-12-07 15:45:03,725 - validation average_precision: 0.017666700633802532
2020-12-07 15:45:03,735 - training loss: 0.07399570941925049
2020-12-07 15:45:03,737 - validation loss: 0.15045117577910425
2020-12-07 15:45:06,276 - [STEP 40] average number of steps per second: 3.9
2020-12-07 15:45:14,009 - validation roc_auc: 0.5244695422114158
2020-12-07 15:45:14,011 - validation average_precision: 0.022355904979930084
2020-12-07 15:45:19,336 - training loss: 0.022802535444498062
2020-12-07 15:45:19,337 - validation loss: 0.10487360607273877
2020-12-07 15:45:21,816 - [STEP 50] average number of steps per second: 4.0
2020-12-07 15:45:29,689 - validation roc_auc: 0.5119683713329081
2020-12-07 15:45:29,691 - validation average_precision: 0.021459476089338375
2020-12-07 15:45:39,362 - training loss: 0.20184072852134705
2020-12-07 15:45:39,364 - validation loss: 0.10375246488302946
2020-12-07 15:45:47,627 - [STEP 60] average number of steps per second: 1.2
2020-12-07 15:45:55,540 - validation roc_auc: 0.5070738002232142
2020-12-07 15:45:55,542 - validation average_precision: 0.020932082433568658
2020-12-07 15:46:06,891 - training loss: 0.1507110297679901
2020-12-07 15:46:06,892 - validation loss: 0.10195131821930409
2020-12-07 15:46:09,281 - [STEP 70] average number of steps per second: 4.2
2020-12-07 15:46:16,917 - validation roc_auc: 0.5042351672114158
2020-12-07 15:46:16,918 - validation average_precision: 0.02067967773428922
2020-12-07 15:46:36,103 - training loss: 0.14331725239753723
2020-12-07 15:46:36,105 - validation loss: 0.09804824575409293
2020-12-07 15:46:38,377 - [STEP 80] average number of steps per second: 4.4
2020-12-07 15:46:46,406 - validation roc_auc: 0.49620575573979586
2020-12-07 15:46:46,408 - validation average_precision: 0.019915600978943127
2020-12-07 15:46:46,415 - training loss: 0.2640780806541443
2020-12-07 15:46:46,416 - validation loss: 0.09827863651514053
2020-12-07 15:46:48,722 - [STEP 90] average number of steps per second: 4.3
2020-12-07 15:46:56,738 - validation roc_auc: 0.4959820432079082
2020-12-07 15:46:56,740 - validation average_precision: 0.019910473541115744
2020-12-07 15:46:56,748 - training loss: 0.011758954264223576
2020-12-07 15:46:56,749 - validation loss: 0.10057942858524621
2020-12-07 15:46:59,052 - [STEP 100] average number of steps per second: 4.3
2020-12-07 15:47:07,015 - validation roc_auc: 0.5023060078523597
2020-12-07 15:47:07,017 - validation average_precision: 0.02051096546716016
2020-12-07 15:47:07,023 - training loss: 0.02029065415263176
2020-12-07 15:47:07,026 - validation loss: 0.09815162103623151
2020-12-07 15:47:09,296 - [STEP 110] average number of steps per second: 4.4
2020-12-07 15:47:17,225 - validation roc_auc: 0.5038212242904975
2020-12-07 15:47:17,226 - validation average_precision: 0.020596527484274926
2020-12-07 15:47:17,232 - training loss: 0.37607091665267944
2020-12-07 15:47:17,235 - validation loss: 0.09953868552856147
2020-12-07 15:47:19,448 - [STEP 120] average number of steps per second: 4.5
2020-12-07 15:47:27,395 - validation roc_auc: 0.49285666952327806
2020-12-07 15:47:27,397 - validation average_precision: 0.019688086899352024
2020-12-07 15:47:27,404 - training loss: 0.08005978167057037
2020-12-07 15:47:27,407 - validation loss: 0.09867402992397546
2020-12-07 15:47:29,497 - [STEP 130] average number of steps per second: 4.8
2020-12-07 15:47:37,371 - validation roc_auc: 0.4999327367665816
2020-12-07 15:47:37,373 - validation average_precision: 0.020104432564080926
2020-12-07 15:47:37,381 - training loss: 0.15532967448234558
2020-12-07 15:47:37,382 - validation loss: 0.1038975129108876
2020-12-07 15:47:39,296 - [STEP 140] average number of steps per second: 5.2
2020-12-07 15:47:47,051 - validation roc_auc: 0.4877709711814413
2020-12-07 15:47:47,052 - validation average_precision: 0.019380275061834436
2020-12-07 15:47:47,062 - training loss: 0.14283543825149536
2020-12-07 15:47:47,063 - validation loss: 0.09859438960626721
2020-12-07 15:47:48,945 - [STEP 150] average number of steps per second: 5.3
2020-12-07 15:47:56,700 - validation roc_auc: 0.4872571797273597
2020-12-07 15:47:56,701 - validation average_precision: 0.0193417580600797
2020-12-07 15:47:56,707 - training loss: 0.08199390769004822
2020-12-07 15:47:56,710 - validation loss: 0.09971740419790148
2020-12-07 15:47:58,617 - [STEP 160] average number of steps per second: 5.2
2020-12-07 15:48:06,424 - validation roc_auc: 0.5078802863919005
2020-12-07 15:48:06,426 - validation average_precision: 0.02050582860464431
2020-12-07 15:48:06,435 - training loss: 0.07767009735107422
2020-12-07 15:48:06,435 - validation loss: 0.10268677897751331
2020-12-07 15:48:08,326 - [STEP 170] average number of steps per second: 5.3
2020-12-07 15:48:16,116 - validation roc_auc: 0.5186076759805485
2020-12-07 15:48:16,118 - validation average_precision: 0.021121158442976712
2020-12-07 15:48:16,127 - training loss: 0.13330897688865662
2020-12-07 15:48:16,129 - validation loss: 0.10123570800945163
2020-12-07 15:48:17,745 - [STEP 180] average number of steps per second: 6.2
2020-12-07 15:48:25,441 - validation roc_auc: 0.4722282565369898
2020-12-07 15:48:25,442 - validation average_precision: 0.01862717700455028
2020-12-07 15:48:25,448 - training loss: 0.02076169103384018
2020-12-07 15:48:25,451 - validation loss: 0.0983004014454782
2020-12-07 15:48:26,785 - [STEP 190] average number of steps per second: 7.5
2020-12-07 15:48:34,373 - validation roc_auc: 0.5306543217873086
2020-12-07 15:48:34,374 - validation average_precision: 0.021926160093522738
2020-12-07 15:48:34,382 - training loss: 0.016494370996952057
2020-12-07 15:48:34,388 - validation loss: 0.09992801140248775
2020-12-07 15:48:35,882 - [STEP 200] average number of steps per second: 6.7
2020-12-07 15:48:43,339 - validation roc_auc: 0.5329308832908164
2020-12-07 15:48:43,340 - validation average_precision: 0.02212725438397399
2020-12-07 15:48:43,347 - training loss: 0.14456801116466522
2020-12-07 15:48:43,349 - validation loss: 0.10368347097188234
2020-12-07 15:48:44,897 - [STEP 210] average number of steps per second: 6.5
2020-12-07 15:48:52,328 - validation roc_auc: 0.5338626783721301
2020-12-07 15:48:52,329 - validation average_precision: 0.0221804090041531
2020-12-07 15:48:52,335 - training loss: 0.08347642421722412
2020-12-07 15:48:52,336 - validation loss: 0.1034899812117219
2020-12-07 15:48:53,858 - [STEP 220] average number of steps per second: 6.6
2020-12-07 15:49:01,250 - validation roc_auc: 0.5340765505420918
2020-12-07 15:49:01,251 - validation average_precision: 0.022177553887258252
2020-12-07 15:49:01,260 - training loss: 0.2152167707681656
2020-12-07 15:49:01,261 - validation loss: 0.09829802678897977
2020-12-07 15:49:02,735 - [STEP 230] average number of steps per second: 6.8
2020-12-07 15:49:10,103 - validation roc_auc: 0.5332975675621812
2020-12-07 15:49:10,105 - validation average_precision: 0.022096882216482414
2020-12-07 15:49:10,112 - training loss: 0.03205370530486107
2020-12-07 15:49:10,114 - validation loss: 0.09829677483066916
2020-12-07 15:49:11,572 - [STEP 240] average number of steps per second: 6.9
2020-12-07 15:49:18,982 - validation roc_auc: 0.5332242257254465
2020-12-07 15:49:18,984 - validation average_precision: 0.022091288316334196
Epoch    24: reducing learning rate of group 0 to 4.0000e-01.
2020-12-07 15:49:18,987 - training loss: 0.00837685726583004
2020-12-07 15:49:18,989 - validation loss: 0.10350354572385549
2020-12-07 15:49:20,412 - [STEP 250] average number of steps per second: 7.0
2020-12-07 15:49:27,783 - validation roc_auc: 0.5334352578922195
2020-12-07 15:49:27,784 - validation average_precision: 0.022112063493255972
2020-12-07 15:49:27,790 - training loss: 0.2125108540058136
2020-12-07 15:49:27,792 - validation loss: 0.09838935079798103
2020-12-07 15:49:29,183 - [STEP 260] average number of steps per second: 7.2
2020-12-07 15:49:36,590 - validation roc_auc: 0.535386738679847
2020-12-07 15:49:36,592 - validation average_precision: 0.022234924408022105
2020-12-07 15:49:36,601 - training loss: 0.1392803192138672
2020-12-07 15:49:36,602 - validation loss: 0.10134665586054326
2020-12-07 15:49:37,994 - [STEP 270] average number of steps per second: 7.2
2020-12-07 15:49:45,376 - validation roc_auc: 0.46396334901147956
2020-12-07 15:49:45,378 - validation average_precision: 0.018133464983954652
2020-12-07 15:49:45,385 - training loss: 0.15101227164268494
2020-12-07 15:49:45,386 - validation loss: 0.10057941445894539
2020-12-07 15:49:46,821 - [STEP 280] average number of steps per second: 7.0
2020-12-07 15:49:54,243 - validation roc_auc: 0.5358230777662627
2020-12-07 15:49:54,244 - validation average_precision: 0.0222155303521162
2020-12-07 15:49:54,252 - training loss: 0.08281960338354111
2020-12-07 15:49:54,253 - validation loss: 0.09877943122759461
2020-12-07 15:49:55,623 - [STEP 290] average number of steps per second: 7.3
2020-12-07 15:50:03,035 - validation roc_auc: 0.5363844766422193
2020-12-07 15:50:03,036 - validation average_precision: 0.022255233878335626
2020-12-07 15:50:03,042 - training loss: 0.14386069774627686
2020-12-07 15:50:03,046 - validation loss: 0.09888028434105217
2020-12-07 15:50:04,434 - [STEP 300] average number of steps per second: 7.2
2020-12-07 15:50:11,853 - validation roc_auc: 0.4632546934789541
2020-12-07 15:50:11,854 - validation average_precision: 0.01808774088501914
2020-12-07 15:50:11,864 - training loss: 0.14676271378993988
2020-12-07 15:50:11,865 - validation loss: 0.09869995151646435
2020-12-07 15:50:13,218 - [STEP 310] average number of steps per second: 7.4
2020-12-07 15:50:20,631 - validation roc_auc: 0.46371479890784434
2020-12-07 15:50:20,633 - validation average_precision: 0.01810787218858874
2020-12-07 15:50:20,642 - training loss: 0.08909052610397339
2020-12-07 15:50:20,644 - validation loss: 0.10214666220545769
2020-12-07 15:50:21,937 - [STEP 320] average number of steps per second: 7.7
2020-12-07 15:50:29,315 - validation roc_auc: 0.5358144082828444
2020-12-07 15:50:29,317 - validation average_precision: 0.02219867925762087
2020-12-07 15:50:29,324 - training loss: 0.09797881543636322
2020-12-07 15:50:29,326 - validation loss: 0.10182593313977123
2020-12-07 15:50:30,591 - [STEP 330] average number of steps per second: 8.0
2020-12-07 15:50:37,979 - validation roc_auc: 0.5367191984215561
2020-12-07 15:50:37,981 - validation average_precision: 0.022205486972899077
2020-12-07 15:50:37,984 - training loss: 0.09396175295114517
2020-12-07 15:50:37,985 - validation loss: 0.10180487466976046
2020-12-07 15:50:39,268 - [STEP 340] average number of steps per second: 7.8
2020-12-07 15:50:46,662 - validation roc_auc: 0.5379644899952168
2020-12-07 15:50:46,663 - validation average_precision: 0.022233862439051864
2020-12-07 15:50:46,670 - training loss: 0.08940710127353668
2020-12-07 15:50:46,672 - validation loss: 0.10042755424976349
2020-12-07 15:50:47,951 - [STEP 350] average number of steps per second: 7.8
2020-12-07 15:50:55,349 - validation roc_auc: 0.538027567960778
2020-12-07 15:50:55,351 - validation average_precision: 0.022242448044114144
2020-12-07 15:50:55,358 - training loss: 0.026904471218585968
2020-12-07 15:50:55,360 - validation loss: 0.0985567255616188
2020-12-07 15:50:56,763 - [STEP 360] average number of steps per second: 7.1
2020-12-07 15:51:04,246 - validation roc_auc: 0.4621039441167092
2020-12-07 15:51:04,248 - validation average_precision: 0.017921470333650706
2020-12-07 15:51:04,255 - training loss: 0.08019013702869415
2020-12-07 15:51:04,256 - validation loss: 0.09912768926471471
2020-12-07 15:51:05,565 - [STEP 370] average number of steps per second: 7.6
2020-12-07 15:51:12,972 - validation roc_auc: 0.461958232023278
2020-12-07 15:51:12,974 - validation average_precision: 0.017890515835238444
2020-12-07 15:51:12,981 - training loss: 0.020598242059350014
2020-12-07 15:51:12,983 - validation loss: 0.09972471857443452
2020-12-07 15:51:14,196 - [STEP 380] average number of steps per second: 8.3
2020-12-07 15:51:21,556 - validation roc_auc: 0.46567925900829077
2020-12-07 15:51:21,557 - validation average_precision: 0.018045422423829095
2020-12-07 15:51:21,560 - training loss: 0.1414620578289032
2020-12-07 15:51:21,565 - validation loss: 0.10929762437939644
2020-12-07 15:51:22,808 - [STEP 390] average number of steps per second: 8.1
2020-12-07 15:51:30,203 - validation roc_auc: 0.5321383978396046
2020-12-07 15:51:30,205 - validation average_precision: 0.021774810530031906
2020-12-07 15:51:30,208 - training loss: 0.2287389487028122
2020-12-07 15:51:30,209 - validation loss: 0.09950615235045553
2020-12-07 15:51:31,437 - [STEP 400] average number of steps per second: 8.2
2020-12-07 15:51:38,840 - validation roc_auc: 0.5319228565449617
2020-12-07 15:51:38,841 - validation average_precision: 0.021763832415614283
2020-12-07 15:51:38,848 - training loss: 0.14227241277694702
2020-12-07 15:51:38,851 - validation loss: 0.09844435768760741
2020-12-07 15:51:40,013 - [STEP 410] average number of steps per second: 8.6
2020-12-07 15:51:47,428 - validation roc_auc: 0.5336048858019771
2020-12-07 15:51:47,430 - validation average_precision: 0.02190214119295321
Epoch    41: reducing learning rate of group 0 to 3.2000e-01.
2020-12-07 15:51:47,436 - training loss: 0.19581395387649536
2020-12-07 15:51:47,439 - validation loss: 0.09876852576062083
2020-12-07 15:51:48,621 - [STEP 420] average number of steps per second: 8.5
2020-12-07 15:51:56,017 - validation roc_auc: 0.5344511818399235
2020-12-07 15:51:56,018 - validation average_precision: 0.021992905825630724
2020-12-07 15:51:56,025 - training loss: 0.21165290474891663
2020-12-07 15:51:56,028 - validation loss: 0.0987548834308982
2020-12-07 15:51:57,198 - [STEP 430] average number of steps per second: 8.6
2020-12-07 15:52:04,599 - validation roc_auc: 0.46489584163743625
2020-12-07 15:52:04,600 - validation average_precision: 0.0180169243202261
2020-12-07 15:52:04,604 - training loss: 0.017699915915727615
2020-12-07 15:52:04,605 - validation loss: 0.09828847806528211
2020-12-07 15:52:05,784 - [STEP 440] average number of steps per second: 8.5
2020-12-07 15:52:13,168 - validation roc_auc: 0.4650907555404974
2020-12-07 15:52:13,170 - validation average_precision: 0.018025099932857305
2020-12-07 15:52:13,173 - training loss: 0.1975436508655548
2020-12-07 15:52:13,183 - validation loss: 0.10120964761823416
2020-12-07 15:52:14,317 - [STEP 450] average number of steps per second: 8.8
2020-12-07 15:52:21,706 - validation roc_auc: 0.5348768833705357
2020-12-07 15:52:21,708 - validation average_precision: 0.022022981434075026
2020-12-07 15:52:21,729 - training loss: 0.01661868579685688
2020-12-07 15:52:21,730 - validation loss: 0.09861962135694921
2020-12-07 15:52:22,921 - [STEP 460] average number of steps per second: 8.4
2020-12-07 15:52:30,305 - validation roc_auc: 0.5351789949378188
2020-12-07 15:52:30,307 - validation average_precision: 0.02204212846832314
2020-12-07 15:52:36,225 - training loss: 0.018986331298947334
2020-12-07 15:52:36,230 - validation loss: 0.09796673350036145
2020-12-07 15:52:37,895 - [STEP 470] average number of steps per second: 6.0
2020-12-07 15:52:45,917 - validation roc_auc: 0.5360708805006378
2020-12-07 15:52:45,918 - validation average_precision: 0.022119845355000462
2020-12-07 15:52:45,923 - training loss: 0.08550919592380524
2020-12-07 15:52:45,925 - validation loss: 0.10103706196695567
2020-12-07 15:52:47,381 - [STEP 480] average number of steps per second: 6.9
2020-12-07 15:52:55,276 - validation roc_auc: 0.5366185277822066
2020-12-07 15:52:55,278 - validation average_precision: 0.02216839503248281
2020-12-07 15:52:55,284 - training loss: 0.016664838418364525
2020-12-07 15:52:55,287 - validation loss: 0.09882232223078609
2020-12-07 15:52:56,684 - [STEP 490] average number of steps per second: 7.2
2020-12-07 15:53:04,563 - validation roc_auc: 0.5368637396364796
2020-12-07 15:53:04,565 - validation average_precision: 0.022195403554504327
2020-12-07 15:53:04,571 - training loss: 0.23606666922569275
2020-12-07 15:53:04,573 - validation loss: 0.10489254687912762
2020-12-07 15:53:05,839 - Creating test dataset.
2020-12-07 15:54:20,153 - 74.31288886070251 s to load 120000 test examples (1875 test batches) to evaluate after all training steps.
2020-12-07 15:54:47,224 - test roc_auc: 0.5427412444690691
2020-12-07 15:54:47,227 - test average_precision: 0.02502504899171552