

Outputs and logs saved to /content/gdrive/My Drive/Colab Notebooks/NeuralNetworksForGWAS/training_outputs/2020-12-11-20-26-09
2020-12-11 20:26:17,245 - Creating validation dataset.
2020-12-11 20:26:34,982 - 17.73563027381897 s to load 32000 validation examples (500 validation batches) to evaluate after each training step.
2020-12-11 20:26:54,523 - [STEP 10] average number of steps per second: 1.6
2020-12-11 20:27:08,478 - validation roc_auc: 0.5253542281170281
2020-12-11 20:27:08,479 - validation average_precision: 0.022792739665489007
2020-12-11 20:28:39,667 - training loss: 0.357611745595932
2020-12-11 20:28:39,668 - validation loss: 0.1712393705546856
2020-12-11 20:28:42,491 - [STEP 20] average number of steps per second: 3.5
2020-12-11 20:28:57,016 - validation roc_auc: 0.46925325354751274
2020-12-11 20:28:57,017 - validation average_precision: 0.018304666515563225
2020-12-11 20:28:57,019 - training loss: 0.3714715838432312
2020-12-11 20:28:57,023 - validation loss: 0.2862541953623295
2020-12-11 20:29:07,691 - [STEP 30] average number of steps per second: 0.9
2020-12-11 20:29:21,445 - validation roc_auc: 0.4680425900829081
2020-12-11 20:29:21,446 - validation average_precision: 0.01832933777666466
2020-12-11 20:29:21,452 - training loss: 0.36309799551963806
2020-12-11 20:29:21,454 - validation loss: 0.20915224462747573
2020-12-11 20:29:23,889 - [STEP 40] average number of steps per second: 4.1
2020-12-11 20:29:37,591 - validation roc_auc: 0.4886836834343112
2020-12-11 20:29:37,592 - validation average_precision: 0.019729070919643408
2020-12-11 20:29:37,594 - training loss: 0.3671985864639282
2020-12-11 20:29:37,601 - validation loss: 0.19357335551083088
2020-12-11 20:29:39,621 - [STEP 50] average number of steps per second: 5.0
2020-12-11 20:29:53,364 - validation roc_auc: 0.5049044862085459
2020-12-11 20:29:53,365 - validation average_precision: 0.020322387809926606
2020-12-11 20:29:53,367 - training loss: 0.3758852481842041
2020-12-11 20:29:53,370 - validation loss: 0.2105843760073185
2020-12-11 20:29:55,396 - [STEP 60] average number of steps per second: 4.9
2020-12-11 20:30:09,251 - validation roc_auc: 0.5101690300143495
2020-12-11 20:30:09,252 - validation average_precision: 0.02024382269355641
2020-12-11 20:30:09,258 - training loss: 0.33692997694015503
2020-12-11 20:30:09,259 - validation loss: 0.17180462317168713
2020-12-11 20:30:11,790 - [STEP 70] average number of steps per second: 4.0
2020-12-11 20:30:25,714 - validation roc_auc: 0.5045086296237244
2020-12-11 20:30:25,715 - validation average_precision: 0.02013863327459183
2020-12-11 20:30:25,720 - training loss: 0.35434266924858093
2020-12-11 20:30:25,722 - validation loss: 0.20775886222720147
2020-12-11 20:30:28,241 - [STEP 80] average number of steps per second: 4.0
2020-12-11 20:30:42,151 - validation roc_auc: 0.49591896524234685
2020-12-11 20:30:42,152 - validation average_precision: 0.01970139678658568
2020-12-11 20:30:42,156 - training loss: 0.27064812183380127
2020-12-11 20:30:42,158 - validation loss: 0.22275137448310853
2020-12-11 20:30:44,609 - [STEP 90] average number of steps per second: 4.1
2020-12-11 20:30:58,465 - validation roc_auc: 0.5020371791294642
2020-12-11 20:30:58,466 - validation average_precision: 0.01980437543039524
2020-12-11 20:30:58,474 - training loss: 0.32421934604644775
2020-12-11 20:30:58,475 - validation loss: 0.17283485707640647
2020-12-11 20:31:00,862 - [STEP 100] average number of steps per second: 4.2
2020-12-11 20:31:14,707 - validation roc_auc: 0.5017791623485331
2020-12-11 20:31:14,708 - validation average_precision: 0.0200015335751487
2020-12-11 20:31:14,714 - training loss: 0.2950632870197296
2020-12-11 20:31:14,715 - validation loss: 0.21113463947176933
2020-12-11 20:31:17,074 - [STEP 110] average number of steps per second: 4.2
2020-12-11 20:31:30,894 - validation roc_auc: 0.489095458984375
2020-12-11 20:31:30,895 - validation average_precision: 0.0194683447961559
2020-12-11 20:31:30,897 - training loss: 0.36360734701156616
2020-12-11 20:31:30,898 - validation loss: 0.20734571442008018
2020-12-11 20:31:33,193 - [STEP 120] average number of steps per second: 4.4
2020-12-11 20:31:46,995 - validation roc_auc: 0.4971764140226403
2020-12-11 20:31:46,996 - validation average_precision: 0.019829939699166462
2020-12-11 20:31:47,002 - training loss: 0.2613316476345062
2020-12-11 20:31:47,004 - validation loss: 0.18237370540201664
2020-12-11 20:31:49,262 - [STEP 130] average number of steps per second: 4.4
2020-12-11 20:32:03,062 - validation roc_auc: 0.5040273736447703
2020-12-11 20:32:03,063 - validation average_precision: 0.01989037321608843
2020-12-11 20:32:03,071 - training loss: 0.3046395778656006
2020-12-11 20:32:03,072 - validation loss: 0.1848821120262146
2020-12-11 20:32:05,304 - [STEP 140] average number of steps per second: 4.5
2020-12-11 20:32:19,106 - validation roc_auc: 0.5228788165656888
2020-12-11 20:32:19,107 - validation average_precision: 0.02107258576699235
2020-12-11 20:33:34,810 - training loss: 0.23387481272220612
2020-12-11 20:33:34,814 - validation loss: 0.15973245452344417
2020-12-11 20:33:37,910 - [STEP 150] average number of steps per second: 3.2
2020-12-11 20:33:52,125 - validation roc_auc: 0.5045126405054209
2020-12-11 20:33:52,126 - validation average_precision: 0.020032216743314325
2020-12-11 20:33:52,133 - training loss: 0.2305147647857666
2020-12-11 20:33:52,133 - validation loss: 0.17484966495633125
2020-12-11 20:34:01,976 - [STEP 160] average number of steps per second: 1.0
2020-12-11 20:34:15,942 - validation roc_auc: 0.5065578164859694
2020-12-11 20:34:15,944 - validation average_precision: 0.020243238164497086
2020-12-11 20:34:15,951 - training loss: 0.21466590464115143
2020-12-11 20:34:15,953 - validation loss: 0.17132636366784573
2020-12-11 20:34:18,987 - [STEP 170] average number of steps per second: 3.3
2020-12-11 20:34:32,682 - validation roc_auc: 0.4995931321747449
2020-12-11 20:34:32,683 - validation average_precision: 0.02011231739739708
2020-12-11 20:34:32,690 - training loss: 0.2834356427192688
2020-12-11 20:34:32,690 - validation loss: 0.19408151519298553
2020-12-11 20:34:35,135 - [STEP 180] average number of steps per second: 4.1
2020-12-11 20:34:48,768 - validation roc_auc: 0.5027524115114795
2020-12-11 20:34:48,769 - validation average_precision: 0.020046778120547188
2020-12-11 20:34:48,775 - training loss: 0.22792604565620422
2020-12-11 20:34:48,776 - validation loss: 0.19608488257229328
2020-12-11 20:34:51,198 - [STEP 190] average number of steps per second: 4.1
2020-12-11 20:35:04,970 - validation roc_auc: 0.5075520169005102
2020-12-11 20:35:04,971 - validation average_precision: 0.02043062558804839
2020-12-11 20:35:04,980 - training loss: 0.19965419173240662
2020-12-11 20:35:04,981 - validation loss: 0.16316404400765896
2020-12-11 20:35:07,101 - Creating test dataset.
2020-12-11 20:36:00,876 - 53.77354097366333 s to load 120000 test examples (1875 test batches) to evaluate after all training steps.
2020-12-11 20:36:53,964 - test roc_auc: 0.5001694094552624
2020-12-11 20:36:53,965 - test average_precision: 0.02101589692719301

