

Outputs and logs saved to /content/gdrive/My Drive/Colab Notebooks/NeuralNetworksForGWAS/training_outputs/2020-12-11-20-06-38
2020-12-11 20:06:45,168 - Creating validation dataset.
2020-12-11 20:07:03,326 - 18.15660262107849 s to load 32000 validation examples (500 validation batches) to evaluate after each training step.
2020-12-11 20:07:06,077 - [STEP 10] average number of steps per second: 6.1
2020-12-11 20:07:08,402 - validation roc_auc: 0.5717434879225127
2020-12-11 20:07:08,404 - validation average_precision: 0.02642728440827094
2020-12-11 20:07:10,957 - training loss: 0.1264125555753708
2020-12-11 20:07:10,958 - validation loss: 0.031663087844848635
2020-12-11 20:07:12,384 - [STEP 20] average number of steps per second: 7.0
2020-12-11 20:07:14,728 - validation roc_auc: 0.529853665098852
2020-12-11 20:07:14,729 - validation average_precision: 0.022949102928047638
2020-12-11 20:07:17,031 - training loss: 0.036761119961738586
2020-12-11 20:07:17,036 - validation loss: 0.020246098746916685
2020-12-11 20:07:18,530 - [STEP 30] average number of steps per second: 6.7
2020-12-11 20:07:20,876 - validation roc_auc: 0.4750975067761479
2020-12-11 20:07:20,877 - validation average_precision: 0.018616228111049425
2020-12-11 20:07:20,884 - training loss: 0.03748682886362076
2020-12-11 20:07:20,884 - validation loss: 0.8284059630632401
2020-12-11 20:07:22,205 - [STEP 40] average number of steps per second: 7.6
2020-12-11 20:07:24,542 - validation roc_auc: 0.45208017777423465
2020-12-11 20:07:24,543 - validation average_precision: 0.017697763579401005
2020-12-11 20:07:24,546 - training loss: 0.004160451702773571
2020-12-11 20:07:24,548 - validation loss: 0.6030703577399253
2020-12-11 20:07:26,053 - [STEP 50] average number of steps per second: 6.7
2020-12-11 20:07:28,633 - validation roc_auc: 0.5122714046556123
2020-12-11 20:07:28,635 - validation average_precision: 0.021232197959932857
2020-12-11 20:07:31,059 - training loss: 0.047572340816259384
2020-12-11 20:07:31,060 - validation loss: 0.019996000191083975
2020-12-11 20:07:32,615 - [STEP 60] average number of steps per second: 6.4
2020-12-11 20:07:34,961 - validation roc_auc: 0.5284941007653061
2020-12-11 20:07:34,962 - validation average_precision: 0.023718471775628698
2020-12-11 20:07:37,358 - training loss: 0.03136283531785011
2020-12-11 20:07:37,359 - validation loss: 0.019973790605950108
2020-12-11 20:07:43,369 - [STEP 70] average number of steps per second: 1.7
2020-12-11 20:07:45,789 - validation roc_auc: 0.5258914122289541
2020-12-11 20:07:45,790 - validation average_precision: 0.023439973530280458
2020-12-11 20:07:45,797 - training loss: 0.03124851919710636
2020-12-11 20:07:45,798 - validation loss: 0.019982385253210878
2020-12-11 20:07:47,502 - [STEP 80] average number of steps per second: 5.9
2020-12-11 20:07:49,849 - validation roc_auc: 0.5255436613121811
2020-12-11 20:07:49,850 - validation average_precision: 0.023201281611465042
2020-12-11 20:07:49,854 - training loss: 0.06247616559267044
2020-12-11 20:07:49,855 - validation loss: 0.019990726093070427
2020-12-11 20:07:51,552 - [STEP 90] average number of steps per second: 5.9
2020-12-11 20:07:53,833 - validation roc_auc: 0.524432298309949
2020-12-11 20:07:53,834 - validation average_precision: 0.023075227198522008
2020-12-11 20:07:53,838 - training loss: 1.295560991820821e-07
2020-12-11 20:07:53,840 - validation loss: 0.019991929991445754
2020-12-11 20:07:55,252 - [STEP 100] average number of steps per second: 7.1
2020-12-11 20:07:57,512 - validation roc_auc: 0.5258826929209184
2020-12-11 20:07:57,513 - validation average_precision: 0.023197731937075992
2020-12-11 20:07:57,520 - training loss: 1.6978981420834316e-07
2020-12-11 20:07:57,521 - validation loss: 0.0199922629312665
2020-12-11 20:07:58,892 - [STEP 110] average number of steps per second: 7.3
2020-12-11 20:08:01,176 - validation roc_auc: 0.5262404834980867
2020-12-11 20:08:01,177 - validation average_precision: 0.023183812573785753
2020-12-11 20:08:01,180 - training loss: 0.0780828669667244
2020-12-11 20:08:01,181 - validation loss: 0.019993185356447868
2020-12-11 20:08:02,501 - [STEP 120] average number of steps per second: 7.6
2020-12-11 20:08:04,797 - validation roc_auc: 0.5262629544005102
2020-12-11 20:08:04,798 - validation average_precision: 0.023112298418904522
2020-12-11 20:08:04,806 - training loss: 0.015618055127561092
2020-12-11 20:08:04,807 - validation loss: 0.01999245059369685
2020-12-11 20:08:06,130 - [STEP 130] average number of steps per second: 7.6
2020-12-11 20:08:08,420 - validation roc_auc: 0.5272230498644771
2020-12-11 20:08:08,421 - validation average_precision: 0.02323290514646832
2020-12-11 20:08:08,428 - training loss: 0.031182100996375084
2020-12-11 20:08:08,428 - validation loss: 0.01999245061297129
2020-12-11 20:08:09,682 - [STEP 140] average number of steps per second: 8.0
2020-12-11 20:08:11,955 - validation roc_auc: 0.5307529247050382
2020-12-11 20:08:11,956 - validation average_precision: 0.023611507589563558
2020-12-11 20:08:11,962 - training loss: 0.031249716877937317
2020-12-11 20:08:11,963 - validation loss: 0.01999036525267281
2020-12-11 20:08:13,200 - [STEP 150] average number of steps per second: 8.1
2020-12-11 20:08:15,476 - validation roc_auc: 0.5315933165258291
2020-12-11 20:08:15,477 - validation average_precision: 0.023673475246766988
2020-12-11 20:08:15,483 - training loss: 0.015615394338965416
2020-12-11 20:08:15,485 - validation loss: 0.019988837454067834
2020-12-11 20:08:16,760 - [STEP 160] average number of steps per second: 7.9
2020-12-11 20:08:19,034 - validation roc_auc: 0.532487718231824
2020-12-11 20:08:19,035 - validation average_precision: 0.02367722181878918
2020-12-11 20:08:19,040 - training loss: 0.015619690530002117
2020-12-11 20:08:19,041 - validation loss: 0.019987861179454197
2020-12-11 20:08:20,272 - [STEP 170] average number of steps per second: 8.1
2020-12-11 20:08:22,562 - validation roc_auc: 0.5336962890625
2020-12-11 20:08:22,563 - validation average_precision: 0.023802973712196394
2020-12-11 20:08:22,567 - training loss: 0.031242405995726585
2020-12-11 20:08:22,568 - validation loss: 0.01998814912395449
2020-12-11 20:08:23,780 - [STEP 180] average number of steps per second: 8.3
2020-12-11 20:08:26,065 - validation roc_auc: 0.5345992356903699
2020-12-11 20:08:26,066 - validation average_precision: 0.02388359065097255
2020-12-11 20:08:26,073 - training loss: 2.965737735394214e-07
2020-12-11 20:08:26,074 - validation loss: 0.0199867793135295
2020-12-11 20:08:27,297 - [STEP 190] average number of steps per second: 8.2
2020-12-11 20:08:29,593 - validation roc_auc: 0.5386488560267857
2020-12-11 20:08:29,595 - validation average_precision: 0.024030175892874088
2020-12-11 20:08:29,600 - training loss: 1.5127054098229564e-07
2020-12-11 20:08:29,602 - validation loss: 0.01998225872587259
2020-12-11 20:08:30,515 - Creating test dataset.
2020-12-11 20:09:21,998 - 51.481252908706665 s to load 120000 test examples (1875 test batches) to evaluate after all training steps.
2020-12-11 20:09:30,267 - test roc_auc: 0.5465115132394578
2020-12-11 20:09:30,268 - test average_precision: 0.025549783111208667

