

Outputs and logs saved to /content/gdrive/My Drive/Colab Notebooks/NeuralNetworksForGWAS/training_outputs/2020-12-11-19-58-42
2020-12-11 19:58:49,334 - Creating validation dataset.
2020-12-11 19:59:07,254 - 17.9186532497406 s to load 32000 validation examples (500 validation batches) to evaluate after each training step.
2020-12-11 19:59:11,152 - [STEP 10] average number of steps per second: 5.3
2020-12-11 19:59:14,663 - validation roc_auc: 0.5390217932876276
2020-12-11 19:59:14,664 - validation average_precision: 0.02320796412141434
2020-12-11 19:59:18,828 - training loss: 0.05406105890870094
2020-12-11 19:59:18,829 - validation loss: 0.020080449627479537
2020-12-11 19:59:20,406 - [STEP 20] average number of steps per second: 6.4
2020-12-11 19:59:24,001 - validation roc_auc: 0.5384761888153698
2020-12-11 19:59:24,002 - validation average_precision: 0.02301164328623348
2020-12-11 19:59:40,891 - training loss: 0.01635771617293358
2020-12-11 19:59:40,892 - validation loss: 0.01965297793323407
2020-12-11 19:59:46,975 - [STEP 30] average number of steps per second: 1.6
2020-12-11 19:59:50,638 - validation roc_auc: 0.5413500478316327
2020-12-11 19:59:50,639 - validation average_precision: 0.023211431997398967
2020-12-11 19:59:50,647 - training loss: 0.015603276900947094
2020-12-11 19:59:50,648 - validation loss: 0.01968281419140112
2020-12-11 19:59:52,592 - [STEP 40] average number of steps per second: 5.1
2020-12-11 19:59:56,206 - validation roc_auc: 0.5431534000318877
2020-12-11 19:59:56,207 - validation average_precision: 0.02332256843112788
2020-12-11 19:59:56,212 - training loss: 0.00016461650375276804
2020-12-11 19:59:56,214 - validation loss: 0.019694164537082542
2020-12-11 19:59:57,844 - [STEP 50] average number of steps per second: 6.1
2020-12-11 20:00:01,438 - validation roc_auc: 0.5435110909598215
2020-12-11 20:00:01,439 - validation average_precision: 0.023337702906873183
2020-12-11 20:00:01,445 - training loss: 0.04573284834623337
2020-12-11 20:00:01,446 - validation loss: 0.019692137091406037
2020-12-11 20:00:03,196 - [STEP 60] average number of steps per second: 5.7
2020-12-11 20:00:06,812 - validation roc_auc: 0.5438086186623086
2020-12-11 20:00:06,813 - validation average_precision: 0.023397825095413466
2020-12-11 20:00:06,820 - training loss: 0.030750587582588196
2020-12-11 20:00:06,821 - validation loss: 0.019694654195205656
2020-12-11 20:00:08,464 - [STEP 70] average number of steps per second: 6.1
2020-12-11 20:00:12,075 - validation roc_auc: 0.5438688566246812
2020-12-11 20:00:12,076 - validation average_precision: 0.023434210270724343
2020-12-11 20:00:12,083 - training loss: 0.030818846076726913
2020-12-11 20:00:12,085 - validation loss: 0.019698487735819073
2020-12-11 20:00:13,685 - [STEP 80] average number of steps per second: 6.3
2020-12-11 20:00:17,276 - validation roc_auc: 0.5435594457509567
2020-12-11 20:00:17,277 - validation average_precision: 0.023392352092952193
2020-12-11 20:00:17,283 - training loss: 0.06145564839243889
2020-12-11 20:00:17,284 - validation loss: 0.019698330426384927
2020-12-11 20:00:18,831 - [STEP 90] average number of steps per second: 6.5
2020-12-11 20:00:22,396 - validation roc_auc: 0.5437127560985331
2020-12-11 20:00:22,397 - validation average_precision: 0.023379538392862623
2020-12-11 20:00:22,402 - training loss: 0.00012843524746131152
2020-12-11 20:00:22,403 - validation loss: 0.019690379434876375
2020-12-11 20:00:23,835 - [STEP 100] average number of steps per second: 7.0
2020-12-11 20:00:27,330 - validation roc_auc: 0.5445725795200893
2020-12-11 20:00:27,331 - validation average_precision: 0.0234721432293665
2020-12-11 20:00:27,337 - training loss: 0.00013209201279096305
2020-12-11 20:00:27,339 - validation loss: 0.01969959949675831
2020-12-11 20:00:28,721 - [STEP 110] average number of steps per second: 7.2
2020-12-11 20:00:32,214 - validation roc_auc: 0.5454315310108419
2020-12-11 20:00:32,215 - validation average_precision: 0.02358040940007774
2020-12-11 20:00:32,222 - training loss: 0.07634315639734268
2020-12-11 20:00:32,223 - validation loss: 0.019693998310351162
2020-12-11 20:00:33,588 - [STEP 120] average number of steps per second: 7.3
2020-12-11 20:00:37,094 - validation roc_auc: 0.545966722138074
2020-12-11 20:00:37,095 - validation average_precision: 0.023659057351386688
2020-12-11 20:00:37,099 - training loss: 0.015589327551424503
2020-12-11 20:00:37,100 - validation loss: 0.01969347638724139
2020-12-11 20:00:38,448 - [STEP 130] average number of steps per second: 7.4
2020-12-11 20:00:41,973 - validation roc_auc: 0.5466461057079082
2020-12-11 20:00:41,976 - validation average_precision: 0.02373066100520478
2020-12-11 20:00:41,981 - training loss: 0.030492080375552177
2020-12-11 20:00:41,982 - validation loss: 0.01968914200690051
2020-12-11 20:00:43,255 - [STEP 140] average number of steps per second: 7.9
2020-12-11 20:00:46,791 - validation roc_auc: 0.5474819385762119
2020-12-11 20:00:46,792 - validation average_precision: 0.023778920130894093
2020-12-11 20:00:46,798 - training loss: 0.030784467235207558
2020-12-11 20:00:46,800 - validation loss: 0.019684500228540857
2020-12-11 20:00:48,047 - [STEP 150] average number of steps per second: 8.0
2020-12-11 20:00:51,559 - validation roc_auc: 0.5482709612165177
2020-12-11 20:00:51,560 - validation average_precision: 0.023836794711322107
2020-12-11 20:00:51,567 - training loss: 0.015266076661646366
2020-12-11 20:00:51,568 - validation loss: 0.019678106739811484
2020-12-11 20:00:52,909 - [STEP 160] average number of steps per second: 7.5
2020-12-11 20:00:56,417 - validation roc_auc: 0.5497228256536989
2020-12-11 20:00:56,418 - validation average_precision: 0.023967179325363876
2020-12-11 20:00:56,424 - training loss: 0.015131528489291668
2020-12-11 20:00:56,425 - validation loss: 0.019678542642010143
2020-12-11 20:00:57,689 - [STEP 170] average number of steps per second: 7.9
2020-12-11 20:01:01,193 - validation roc_auc: 0.5509416105309312
2020-12-11 20:01:01,194 - validation average_precision: 0.024044441258524573
2020-12-11 20:01:01,200 - training loss: 0.030508244410157204
2020-12-11 20:01:01,201 - validation loss: 0.01967624432365119
2020-12-11 20:01:02,345 - [STEP 180] average number of steps per second: 8.8
2020-12-11 20:01:05,870 - validation roc_auc: 0.5518585827885842
2020-12-11 20:01:05,871 - validation average_precision: 0.024115776138428278
2020-12-11 20:01:05,873 - training loss: 0.00015529214579146355
2020-12-11 20:01:05,874 - validation loss: 0.019681996201688888
2020-12-11 20:01:06,965 - [STEP 190] average number of steps per second: 9.2
2020-12-11 20:01:10,516 - validation roc_auc: 0.5527660883689413
2020-12-11 20:01:10,517 - validation average_precision: 0.024204585868345115
Epoch    19: reducing learning rate of group 0 to 1.6000e-01.
2020-12-11 20:01:10,519 - training loss: 0.00015199527842924
2020-12-11 20:01:10,521 - validation loss: 0.01966919120903185
2020-12-11 20:01:11,560 - Creating test dataset.
2020-12-11 20:02:02,981 - 51.419899702072144 s to load 120000 test examples (1875 test batches) to evaluate after all training steps.
2020-12-11 20:02:16,530 - test roc_auc: 0.5611279221937985
2020-12-11 20:02:16,532 - test average_precision: 0.026995277442063457

