Outputs and logs saved to /content/gdrive/My Drive/Colab Notebooks/NeuralNetworksForGWAS/training_outputs/2020-12-03-19-25-43
2020-12-03 19:25:49,958 - Creating validation dataset.
2020-12-03 19:26:03,794 - 13.833985090255737 s to load 32000 validation examples (500 validation batches) to evaluate after each training step.
2020-12-03 19:26:43,106 - [STEP 100] average number of steps per second: 2.6
2020-12-03 19:27:26,353 - validation roc_auc: 0.5973213787468112
2020-12-03 19:27:26,354 - validation average_precision: 0.03015781168741854
2020-12-03 19:27:27,311 - training loss: 0.10960742831230164
2020-12-03 19:27:27,312 - validation loss: 0.14999947744607925
2020-12-03 19:28:11,990 - [STEP 200] average number of steps per second: 2.2
2020-12-03 19:28:55,070 - validation roc_auc: 0.6233643076371173
2020-12-03 19:28:55,071 - validation average_precision: 0.03433955209960075
2020-12-03 19:28:56,422 - training loss: 0.15128135681152344
2020-12-03 19:28:56,423 - validation loss: 0.11367565523087979
2020-12-03 19:29:39,527 - [STEP 300] average number of steps per second: 2.3
2020-12-03 19:30:22,559 - validation roc_auc: 0.6235673678651147
2020-12-03 19:30:22,560 - validation average_precision: 0.03774048845367911
2020-12-03 19:30:23,539 - training loss: 0.14760620892047882
2020-12-03 19:30:23,540 - validation loss: 0.10440066795051098
2020-12-03 19:31:05,742 - [STEP 400] average number of steps per second: 2.4
2020-12-03 19:31:48,585 - validation roc_auc: 0.6556180992904975
2020-12-03 19:31:48,586 - validation average_precision: 0.041991630360185425
2020-12-03 19:31:49,614 - training loss: 0.14021524786949158
2020-12-03 19:31:49,615 - validation loss: 0.09987238719314337
2020-12-03 19:32:30,902 - [STEP 500] average number of steps per second: 2.4
2020-12-03 19:33:13,714 - validation roc_auc: 0.6663167649872449
2020-12-03 19:33:13,716 - validation average_precision: 0.048586000639082985
2020-12-03 19:33:14,700 - training loss: 0.13805630803108215
2020-12-03 19:33:14,701 - validation loss: 0.09688619650900364
2020-12-03 19:33:57,206 - [STEP 600] average number of steps per second: 2.4
2020-12-03 19:34:40,034 - validation roc_auc: 0.7248226243622449
2020-12-03 19:34:40,035 - validation average_precision: 0.06350374700899719
2020-12-03 19:34:41,106 - training loss: 0.14632034301757812
2020-12-03 19:34:41,107 - validation loss: 0.09525759578868746
2020-12-03 19:35:23,558 - [STEP 700] average number of steps per second: 2.4
2020-12-03 19:36:06,380 - validation roc_auc: 0.7883623146524236
2020-12-03 19:36:06,381 - validation average_precision: 0.1044770357541478
2020-12-03 19:36:06,383 - training loss: 0.14689259231090546
2020-12-03 19:36:06,384 - validation loss: 0.0959338528253138
2020-12-03 19:36:48,541 - [STEP 800] average number of steps per second: 2.4
2020-12-03 19:37:31,473 - validation roc_auc: 0.8073064313616071
2020-12-03 19:37:31,475 - validation average_precision: 0.1153857584937455
2020-12-03 19:37:32,914 - training loss: 0.02755417302250862
2020-12-03 19:37:32,915 - validation loss: 0.0860079332254827
2020-12-03 19:38:15,074 - [STEP 900] average number of steps per second: 2.4
2020-12-03 19:38:57,837 - validation roc_auc: 0.7936195591517857
2020-12-03 19:38:57,838 - validation average_precision: 0.1565193377932023
2020-12-03 19:38:58,946 - training loss: 0.07819711416959763
2020-12-03 19:38:58,947 - validation loss: 0.08521241408400237
2020-12-03 19:39:41,333 - [STEP 1000] average number of steps per second: 2.4
2020-12-03 19:40:24,056 - validation roc_auc: 0.8727488988759566
2020-12-03 19:40:24,057 - validation average_precision: 0.2689853805049216
2020-12-03 19:40:25,388 - training loss: 0.1689801812171936
2020-12-03 19:40:25,389 - validation loss: 0.07388761680945755
2020-12-03 19:41:07,133 - [STEP 1100] average number of steps per second: 2.4
2020-12-03 19:41:49,920 - validation roc_auc: 0.9003724888392857
2020-12-03 19:41:49,921 - validation average_precision: 0.29964315347339
2020-12-03 19:41:50,952 - training loss: 0.027825146913528442
2020-12-03 19:41:50,954 - validation loss: 0.06935085579566658
2020-12-03 19:42:32,739 - [STEP 1200] average number of steps per second: 2.4
2020-12-03 19:43:15,532 - validation roc_auc: 0.9155385792012116
2020-12-03 19:43:15,533 - validation average_precision: 0.35043341090224284
2020-12-03 19:43:16,622 - training loss: 0.10188070684671402
2020-12-03 19:43:16,623 - validation loss: 0.06468493254110218
2020-12-03 19:43:57,619 - [STEP 1300] average number of steps per second: 2.4
2020-12-03 19:44:40,382 - validation roc_auc: 0.9230944575095664
2020-12-03 19:44:40,384 - validation average_precision: 0.377408756263402
2020-12-03 19:44:41,440 - training loss: 0.06479136645793915
2020-12-03 19:44:41,441 - validation loss: 0.06443467812612652
2020-12-03 19:45:22,436 - [STEP 1400] average number of steps per second: 2.4
2020-12-03 19:46:05,302 - validation roc_auc: 0.9292596061862244
2020-12-03 19:46:05,303 - validation average_precision: 0.3774552694042923
2020-12-03 19:46:05,309 - training loss: 0.05328802019357681
2020-12-03 19:46:05,310 - validation loss: 0.06680209785327315
2020-12-03 19:46:46,008 - [STEP 1500] average number of steps per second: 2.5
2020-12-03 19:47:28,850 - validation roc_auc: 0.9398753886320153
2020-12-03 19:47:28,851 - validation average_precision: 0.40970530562844404
2020-12-03 19:47:29,964 - training loss: 0.05610976368188858
2020-12-03 19:47:29,966 - validation loss: 0.05897277761157602
2020-12-03 19:48:10,620 - [STEP 1600] average number of steps per second: 2.5
2020-12-03 19:48:53,381 - validation roc_auc: 0.9443627680564413
2020-12-03 19:48:53,382 - validation average_precision: 0.4068527634681315
2020-12-03 19:48:53,388 - training loss: 0.03348945453763008
2020-12-03 19:48:53,389 - validation loss: 0.060656991548836234
2020-12-03 19:49:33,723 - [STEP 1700] average number of steps per second: 2.5
2020-12-03 19:50:16,580 - validation roc_auc: 0.9421428322305484
2020-12-03 19:50:16,582 - validation average_precision: 0.37943942805771647
2020-12-03 19:50:16,587 - training loss: 0.10228771716356277
2020-12-03 19:50:16,588 - validation loss: 0.061152264365926384
2020-12-03 19:50:56,875 - [STEP 1800] average number of steps per second: 2.5
2020-12-03 19:51:39,749 - validation roc_auc: 0.9512065031090562
2020-12-03 19:51:39,750 - validation average_precision: 0.38696407657677845
2020-12-03 19:51:40,769 - training loss: 0.09052775800228119
2020-12-03 19:51:40,770 - validation loss: 0.057247674302197994
2020-12-03 19:52:21,385 - [STEP 1900] average number of steps per second: 2.5
2020-12-03 19:53:04,274 - validation roc_auc: 0.9423611138791453
2020-12-03 19:53:04,276 - validation average_precision: 0.3956292342779115
2020-12-03 19:53:04,281 - training loss: 0.11605770885944366
2020-12-03 19:53:04,282 - validation loss: 0.057248243926092984
2020-12-03 19:53:45,185 - [STEP 2000] average number of steps per second: 2.5
2020-12-03 19:54:27,880 - validation roc_auc: 0.9473152503188776
2020-12-03 19:54:27,882 - validation average_precision: 0.397884294865105
2020-12-03 19:54:28,979 - training loss: 0.054860636591911316
2020-12-03 19:54:28,984 - validation loss: 0.05711070229578763
2020-12-03 19:55:09,346 - [STEP 2100] average number of steps per second: 2.5
2020-12-03 19:55:52,452 - validation roc_auc: 0.951689004703444
2020-12-03 19:55:52,454 - validation average_precision: 0.43306304161771253
2020-12-03 19:55:53,501 - training loss: 0.03064272552728653
2020-12-03 19:55:53,506 - validation loss: 0.05663740534521639
2020-12-03 19:56:33,700 - [STEP 2200] average number of steps per second: 2.5
2020-12-03 19:57:16,432 - validation roc_auc: 0.9506227329799107
2020-12-03 19:57:16,434 - validation average_precision: 0.41055210014114835
2020-12-03 19:57:17,517 - training loss: 0.022645873948931694
2020-12-03 19:57:17,519 - validation loss: 0.055466216845437885
2020-12-03 19:57:57,531 - [STEP 2300] average number of steps per second: 2.5
2020-12-03 19:58:40,244 - validation roc_auc: 0.948755729830995
2020-12-03 19:58:40,246 - validation average_precision: 0.4348710353414765
2020-12-03 19:58:41,303 - training loss: 0.023026559501886368
2020-12-03 19:58:41,305 - validation loss: 0.05530845463369042
2020-12-03 19:59:21,418 - [STEP 2400] average number of steps per second: 2.5
2020-12-03 20:00:04,143 - validation roc_auc: 0.9556509586256376
2020-12-03 20:00:04,144 - validation average_precision: 0.4214081210419572
2020-12-03 20:00:05,217 - training loss: 0.060353461652994156
2020-12-03 20:00:05,218 - validation loss: 0.05492073500435799
2020-12-03 20:00:45,526 - [STEP 2500] average number of steps per second: 2.5
2020-12-03 20:01:28,210 - validation roc_auc: 0.9545410654496174
2020-12-03 20:01:28,212 - validation average_precision: 0.4168601274603237
2020-12-03 20:01:28,214 - training loss: 0.15735329687595367
2020-12-03 20:01:28,215 - validation loss: 0.05563287225551903
2020-12-03 20:02:08,169 - [STEP 2600] average number of steps per second: 2.5
2020-12-03 20:02:50,847 - validation roc_auc: 0.9599295479910714
2020-12-03 20:02:50,849 - validation average_precision: 0.44724992791960816
2020-12-03 20:02:51,859 - training loss: 0.15083669126033783
2020-12-03 20:02:51,860 - validation loss: 0.05271912409830838
2020-12-03 20:03:32,237 - [STEP 2700] average number of steps per second: 2.5
2020-12-03 20:04:14,795 - validation roc_auc: 0.9599819634885204
2020-12-03 20:04:14,796 - validation average_precision: 0.46181643086781465
2020-12-03 20:04:16,166 - training loss: 0.09205195307731628
2020-12-03 20:04:16,167 - validation loss: 0.05248386024776846
2020-12-03 20:04:56,117 - [STEP 2800] average number of steps per second: 2.5
2020-12-03 20:05:39,009 - validation roc_auc: 0.9608023258131377
2020-12-03 20:05:39,010 - validation average_precision: 0.46397073999784094
2020-12-03 20:05:39,017 - training loss: 0.05670244246721268
2020-12-03 20:05:39,017 - validation loss: 0.05309467391530052
2020-12-03 20:06:19,223 - [STEP 2900] average number of steps per second: 2.5
2020-12-03 20:07:01,921 - validation roc_auc: 0.9593979691485969
2020-12-03 20:07:01,922 - validation average_precision: 0.42553127643243527
2020-12-03 20:07:01,928 - training loss: 0.03621489554643631
2020-12-03 20:07:01,929 - validation loss: 0.052918153433129195
2020-12-03 20:07:42,122 - [STEP 3000] average number of steps per second: 2.5
2020-12-03 20:08:24,849 - validation roc_auc: 0.9577409020248724
2020-12-03 20:08:24,850 - validation average_precision: 0.4487712855720986
2020-12-03 20:08:24,852 - training loss: 0.04766403138637543
2020-12-03 20:08:24,856 - validation loss: 0.052610524374991655
2020-12-03 20:09:04,912 - [STEP 3100] average number of steps per second: 2.5
2020-12-03 20:09:47,725 - validation roc_auc: 0.9636605648118622
2020-12-03 20:09:47,726 - validation average_precision: 0.46790565648716326
2020-12-03 20:09:48,812 - training loss: 0.023478500545024872
2020-12-03 20:09:48,813 - validation loss: 0.051025599880144
2020-12-03 20:10:28,837 - [STEP 3200] average number of steps per second: 2.5
2020-12-03 20:11:11,650 - validation roc_auc: 0.9637432238520408
2020-12-03 20:11:11,652 - validation average_precision: 0.47574903323682005
2020-12-03 20:11:12,699 - training loss: 0.08648183941841125
2020-12-03 20:11:12,700 - validation loss: 0.05064868131000549
2020-12-03 20:11:52,467 - [STEP 3300] average number of steps per second: 2.5
2020-12-03 20:12:35,214 - validation roc_auc: 0.9662512456154336
2020-12-03 20:12:35,215 - validation average_precision: 0.47543877650122507
2020-12-03 20:12:36,270 - training loss: 0.13566982746124268
2020-12-03 20:12:36,272 - validation loss: 0.05048137616645545
2020-12-03 20:13:16,057 - [STEP 3400] average number of steps per second: 2.5
2020-12-03 20:13:58,828 - validation roc_auc: 0.9664059759646046
2020-12-03 20:13:58,829 - validation average_precision: 0.4815900996219951
2020-12-03 20:13:59,863 - training loss: 0.08145423233509064
2020-12-03 20:13:59,864 - validation loss: 0.050317397960461675
2020-12-03 20:14:39,918 - [STEP 3500] average number of steps per second: 2.5
2020-12-03 20:15:22,785 - validation roc_auc: 0.9653853435905613
2020-12-03 20:15:22,786 - validation average_precision: 0.4795316046540771
2020-12-03 20:15:23,857 - training loss: 0.05420604720711708
2020-12-03 20:15:23,860 - validation loss: 0.05007020776392892
2020-12-03 20:16:03,583 - [STEP 3600] average number of steps per second: 2.5
2020-12-03 20:16:46,296 - validation roc_auc: 0.9611730707908164
2020-12-03 20:16:46,297 - validation average_precision: 0.4392255176459493
2020-12-03 20:16:46,303 - training loss: 0.12163731455802917
2020-12-03 20:16:46,304 - validation loss: 0.051840351725928484
2020-12-03 20:17:25,844 - [STEP 3700] average number of steps per second: 2.5
2020-12-03 20:18:08,707 - validation roc_auc: 0.9666841468032525
2020-12-03 20:18:08,708 - validation average_precision: 0.4945447436294072
2020-12-03 20:18:08,713 - training loss: 0.02867951989173889
2020-12-03 20:18:08,714 - validation loss: 0.05043123562727123
2020-12-03 20:18:48,270 - [STEP 3800] average number of steps per second: 2.5
2020-12-03 20:19:31,026 - validation roc_auc: 0.9682506078603317
2020-12-03 20:19:31,027 - validation average_precision: 0.48520393238548204
2020-12-03 20:19:32,113 - training loss: 0.025951433926820755
2020-12-03 20:19:32,114 - validation loss: 0.04983726129680872
2020-12-03 20:20:11,641 - [STEP 3900] average number of steps per second: 2.5
2020-12-03 20:20:54,306 - validation roc_auc: 0.9687527403539542
2020-12-03 20:20:54,307 - validation average_precision: 0.49403593414544
2020-12-03 20:20:55,672 - training loss: 0.12567543983459473
2020-12-03 20:20:55,673 - validation loss: 0.04860884866630658
2020-12-03 20:21:35,663 - [STEP 4000] average number of steps per second: 2.5
2020-12-03 20:22:18,560 - validation roc_auc: 0.9676356973453445
2020-12-03 20:22:18,562 - validation average_precision: 0.479539843178374
2020-12-03 20:22:18,564 - training loss: 0.04599767178297043
2020-12-03 20:22:18,568 - validation loss: 0.048828985726460813
2020-12-03 20:22:58,158 - [STEP 4100] average number of steps per second: 2.5
2020-12-03 20:23:40,895 - validation roc_auc: 0.9680204181281887
2020-12-03 20:23:40,897 - validation average_precision: 0.4785271036378626
2020-12-03 20:23:40,902 - training loss: 0.02389068715274334
2020-12-03 20:23:40,903 - validation loss: 0.04968497175583616
2020-12-03 20:24:20,306 - [STEP 4200] average number of steps per second: 2.5
2020-12-03 20:25:03,088 - validation roc_auc: 0.9702958087531888
2020-12-03 20:25:03,089 - validation average_precision: 0.49508115101337036
2020-12-03 20:25:03,096 - training loss: 0.054625291377305984
2020-12-03 20:25:03,096 - validation loss: 0.05144845075020567
2020-12-03 20:25:42,563 - [STEP 4300] average number of steps per second: 2.5
2020-12-03 20:26:25,360 - validation roc_auc: 0.967511135801977
2020-12-03 20:26:25,361 - validation average_precision: 0.47460761167981236
2020-12-03 20:26:25,367 - training loss: 0.019553575664758682
2020-12-03 20:26:25,368 - validation loss: 0.050118431989569216
2020-12-03 20:27:04,679 - [STEP 4400] average number of steps per second: 2.5
2020-12-03 20:27:47,335 - validation roc_auc: 0.9690171595982142
2020-12-03 20:27:47,336 - validation average_precision: 0.4652258897833959
2020-12-03 20:27:47,342 - training loss: 0.03767424076795578
2020-12-03 20:27:47,343 - validation loss: 0.049334291755687446
2020-12-03 20:28:26,822 - [STEP 4500] average number of steps per second: 2.5
2020-12-03 20:29:09,525 - validation roc_auc: 0.9684910614636479
2020-12-03 20:29:09,526 - validation average_precision: 0.4571603892793455
2020-12-03 20:29:09,529 - training loss: 0.020350690931081772
2020-12-03 20:29:09,532 - validation loss: 0.050462013464421036
2020-12-03 20:29:49,021 - [STEP 4600] average number of steps per second: 2.5
2020-12-03 20:30:31,697 - validation roc_auc: 0.9669759944993621
2020-12-03 20:30:31,698 - validation average_precision: 0.4628773061970909
2020-12-03 20:30:31,704 - training loss: 0.03436901792883873
2020-12-03 20:30:31,705 - validation loss: 0.050366575423628095
2020-12-03 20:31:11,497 - [STEP 4700] average number of steps per second: 2.5
2020-12-03 20:31:54,460 - validation roc_auc: 0.9707010323660714
2020-12-03 20:31:54,462 - validation average_precision: 0.4739741770925168
2020-12-03 20:31:54,469 - training loss: 0.06804805994033813
2020-12-03 20:31:54,470 - validation loss: 0.04952681813435629
2020-12-03 20:32:34,073 - [STEP 4800] average number of steps per second: 2.5
2020-12-03 20:33:16,736 - validation roc_auc: 0.9704198222257653
2020-12-03 20:33:16,737 - validation average_precision: 0.4600536913922984
2020-12-03 20:33:16,743 - training loss: 0.07215414196252823
2020-12-03 20:33:16,743 - validation loss: 0.04905139402579516
2020-12-03 20:33:56,391 - [STEP 4900] average number of steps per second: 2.5
2020-12-03 20:34:39,143 - validation roc_auc: 0.970070202885842
2020-12-03 20:34:39,144 - validation average_precision: 0.4519479056608705
2020-12-03 20:34:39,151 - training loss: 0.01744282990694046
2020-12-03 20:34:39,153 - validation loss: 0.04879545674100518
2020-12-03 20:35:19,267 - [STEP 5000] average number of steps per second: 2.5
2020-12-03 20:36:01,889 - validation roc_auc: 0.9729872847576532
2020-12-03 20:36:01,890 - validation average_precision: 0.4819026454869882
2020-12-03 20:36:03,028 - training loss: 0.023901265114545822
2020-12-03 20:36:03,030 - validation loss: 0.04778778453357518
2020-12-03 20:36:42,709 - [STEP 5100] average number of steps per second: 2.5
2020-12-03 20:37:25,437 - validation roc_auc: 0.9719060905612245
2020-12-03 20:37:25,439 - validation average_precision: 0.47285174718558615
2020-12-03 20:37:25,441 - training loss: 0.027358556166291237
2020-12-03 20:37:25,446 - validation loss: 0.04827826921269297
2020-12-03 20:38:04,909 - [STEP 5200] average number of steps per second: 2.5
2020-12-03 20:38:47,593 - validation roc_auc: 0.9722258649553572
2020-12-03 20:38:47,594 - validation average_precision: 0.485854970503135
2020-12-03 20:38:48,629 - training loss: 0.04787096008658409
2020-12-03 20:38:48,631 - validation loss: 0.04772021362558007
2020-12-03 20:39:28,322 - [STEP 5300] average number of steps per second: 2.5
2020-12-03 20:40:10,971 - validation roc_auc: 0.9705162328603318
2020-12-03 20:40:10,973 - validation average_precision: 0.4714344861206205
2020-12-03 20:40:10,978 - training loss: 0.027490166947245598
2020-12-03 20:40:10,979 - validation loss: 0.048372400410007683
2020-12-03 20:40:50,660 - [STEP 5400] average number of steps per second: 2.5
2020-12-03 20:41:33,265 - validation roc_auc: 0.9697772341358418
2020-12-03 20:41:33,267 - validation average_precision: 0.4660576471820616
2020-12-03 20:41:33,273 - training loss: 0.11380115151405334
2020-12-03 20:41:33,274 - validation loss: 0.04897761712083593
2020-12-03 20:42:13,016 - [STEP 5500] average number of steps per second: 2.5
2020-12-03 20:42:55,799 - validation roc_auc: 0.9709351582429847
2020-12-03 20:42:55,807 - validation average_precision: 0.475299416466351
2020-12-03 20:42:55,810 - training loss: 0.028733082115650177
2020-12-03 20:42:55,811 - validation loss: 0.047851119921077045
2020-12-03 20:43:35,371 - [STEP 5600] average number of steps per second: 2.5
2020-12-03 20:44:17,993 - validation roc_auc: 0.9729214664381377
2020-12-03 20:44:17,995 - validation average_precision: 0.49139324181653404
2020-12-03 20:44:19,036 - training loss: 0.033640459179878235
2020-12-03 20:44:19,037 - validation loss: 0.04687733292439952
2020-12-03 20:44:58,647 - [STEP 5700] average number of steps per second: 2.5
2020-12-03 20:45:41,522 - validation roc_auc: 0.9709116908482144
2020-12-03 20:45:41,523 - validation average_precision: 0.49293499461662965
2020-12-03 20:45:41,529 - training loss: 0.016039416193962097
2020-12-03 20:45:41,530 - validation loss: 0.047662495740689335
2020-12-03 20:46:21,129 - [STEP 5800] average number of steps per second: 2.5
2020-12-03 20:47:03,801 - validation roc_auc: 0.972034986846301
2020-12-03 20:47:03,802 - validation average_precision: 0.5032199940013742
2020-12-03 20:47:03,805 - training loss: 0.05586685612797737
2020-12-03 20:47:03,807 - validation loss: 0.0479416390042752
2020-12-03 20:47:43,234 - [STEP 5900] average number of steps per second: 2.5
2020-12-03 20:48:25,841 - validation roc_auc: 0.9727541553730866
2020-12-03 20:48:25,842 - validation average_precision: 0.4899524397374583
2020-12-03 20:48:25,847 - training loss: 0.044618114829063416
2020-12-03 20:48:25,848 - validation loss: 0.04772715611523017
2020-12-03 20:49:05,668 - [STEP 6000] average number of steps per second: 2.5
2020-12-03 20:49:48,296 - validation roc_auc: 0.9738362962372448
2020-12-03 20:49:48,297 - validation average_precision: 0.5006059398522859
2020-12-03 20:49:48,305 - training loss: 0.05747907608747482
2020-12-03 20:49:48,306 - validation loss: 0.046962219037115574
2020-12-03 20:50:27,802 - [STEP 6100] average number of steps per second: 2.5
2020-12-03 20:51:10,594 - validation roc_auc: 0.9735440250318876
2020-12-03 20:51:10,595 - validation average_precision: 0.4990225019135605
2020-12-03 20:51:10,601 - training loss: 0.053694143891334534
2020-12-03 20:51:10,603 - validation loss: 0.04706095615122467
2020-12-03 20:51:50,157 - [STEP 6200] average number of steps per second: 2.5
2020-12-03 20:52:32,804 - validation roc_auc: 0.9730078623246173
2020-12-03 20:52:32,805 - validation average_precision: 0.48952334430358974
2020-12-03 20:52:32,811 - training loss: 0.01757855713367462
2020-12-03 20:52:32,811 - validation loss: 0.04788397521525621
2020-12-03 20:53:12,382 - [STEP 6300] average number of steps per second: 2.5
2020-12-03 20:53:55,052 - validation roc_auc: 0.9725056301817603
2020-12-03 20:53:55,053 - validation average_precision: 0.49001148244553855
2020-12-03 20:53:55,061 - training loss: 0.03019627556204796
2020-12-03 20:53:55,062 - validation loss: 0.04760217704856768
2020-12-03 20:54:34,516 - [STEP 6400] average number of steps per second: 2.5
2020-12-03 20:55:17,288 - validation roc_auc: 0.9743218869579081
2020-12-03 20:55:17,289 - validation average_precision: 0.49011233312361413
2020-12-03 20:55:18,508 - training loss: 0.02439262717962265
2020-12-03 20:55:18,509 - validation loss: 0.04641312964865938
2020-12-03 20:55:58,136 - [STEP 6500] average number of steps per second: 2.5
2020-12-03 20:56:40,800 - validation roc_auc: 0.973548210299745
2020-12-03 20:56:40,801 - validation average_precision: 0.4929650831642661
2020-12-03 20:56:40,807 - training loss: 0.1760954111814499
2020-12-03 20:56:40,808 - validation loss: 0.046736854664050045
2020-12-03 20:57:20,131 - [STEP 6600] average number of steps per second: 2.5
2020-12-03 20:58:02,744 - validation roc_auc: 0.971848991549745
2020-12-03 20:58:02,745 - validation average_precision: 0.4814117296662821
2020-12-03 20:58:02,750 - training loss: 0.019413260743021965
2020-12-03 20:58:02,751 - validation loss: 0.04782252784818411
2020-12-03 20:58:42,264 - [STEP 6700] average number of steps per second: 2.5
2020-12-03 20:59:24,940 - validation roc_auc: 0.9724127570950256
2020-12-03 20:59:24,941 - validation average_precision: 0.4859068571389103
2020-12-03 20:59:24,948 - training loss: 0.025700734928250313
2020-12-03 20:59:24,949 - validation loss: 0.047075061158277094
2020-12-03 21:00:04,405 - [STEP 6800] average number of steps per second: 2.5
2020-12-03 21:00:47,070 - validation roc_auc: 0.9706301319355866
2020-12-03 21:00:47,072 - validation average_precision: 0.4997015285304059
2020-12-03 21:00:47,078 - training loss: 0.01681514084339142
2020-12-03 21:00:47,079 - validation loss: 0.04688023034809157
2020-12-03 21:01:26,604 - [STEP 6900] average number of steps per second: 2.5
2020-12-03 21:02:09,452 - validation roc_auc: 0.9711212033641583
2020-12-03 21:02:09,454 - validation average_precision: 0.49139728676720923
2020-12-03 21:02:09,457 - training loss: 0.03193264827132225
2020-12-03 21:02:09,459 - validation loss: 0.04785478498134762
2020-12-03 21:02:49,425 - [STEP 7000] average number of steps per second: 2.5
2020-12-03 21:03:32,017 - validation roc_auc: 0.9738158681441325
2020-12-03 21:03:32,018 - validation average_precision: 0.5118197998320748
2020-12-03 21:03:32,024 - training loss: 0.04727133363485336
2020-12-03 21:03:32,025 - validation loss: 0.04668355419766158
2020-12-03 21:04:11,386 - [STEP 7100] average number of steps per second: 2.5
2020-12-03 21:04:53,994 - validation roc_auc: 0.9739542311065053
2020-12-03 21:04:53,995 - validation average_precision: 0.4954502467908381
2020-12-03 21:04:53,998 - training loss: 0.03392643481492996
2020-12-03 21:04:54,000 - validation loss: 0.04691788379987702
2020-12-03 21:05:33,510 - [STEP 7200] average number of steps per second: 2.5
2020-12-03 21:06:16,209 - validation roc_auc: 0.9706874302455357
2020-12-03 21:06:16,210 - validation average_precision: 0.4861710460953091
2020-12-03 21:06:16,215 - training loss: 0.038412000983953476
2020-12-03 21:06:16,216 - validation loss: 0.04799338867329061
2020-12-03 21:06:55,581 - [STEP 7300] average number of steps per second: 2.5
2020-12-03 21:07:38,184 - validation roc_auc: 0.9736004763233418
2020-12-03 21:07:38,186 - validation average_precision: 0.4870507047955598
Epoch    73: reducing learning rate of group 0 to 8.0000e-03.
2020-12-03 21:07:38,189 - training loss: 0.02108675241470337
2020-12-03 21:07:38,192 - validation loss: 0.047063033495098355
2020-12-03 21:08:17,634 - [STEP 7400] average number of steps per second: 2.5
2020-12-03 21:09:00,390 - validation roc_auc: 0.9708158781090561
2020-12-03 21:09:00,391 - validation average_precision: 0.49627022464326637
2020-12-03 21:09:00,399 - training loss: 0.1614517867565155
2020-12-03 21:09:00,400 - validation loss: 0.047479364377912135
2020-12-03 21:09:39,923 - [STEP 7500] average number of steps per second: 2.5
2020-12-03 21:10:22,641 - validation roc_auc: 0.9700791962292729
2020-12-03 21:10:22,642 - validation average_precision: 0.49403234053795164
2020-12-03 21:10:22,645 - training loss: 0.02286803349852562
2020-12-03 21:10:22,649 - validation loss: 0.047445288475602865
2020-12-03 21:11:02,333 - [STEP 7600] average number of steps per second: 2.5
2020-12-03 21:11:45,063 - validation roc_auc: 0.9725063526387117
2020-12-03 21:11:45,064 - validation average_precision: 0.4946059202412048
2020-12-03 21:11:45,069 - training loss: 0.09076284617185593
2020-12-03 21:11:45,070 - validation loss: 0.046791079449001696
2020-12-03 21:12:24,787 - [STEP 7700] average number of steps per second: 2.5
2020-12-03 21:13:07,463 - validation roc_auc: 0.9707130400988521
2020-12-03 21:13:07,464 - validation average_precision: 0.5005909678292515
2020-12-03 21:13:07,470 - training loss: 0.030621621757745743
2020-12-03 21:13:07,471 - validation loss: 0.04717768497252837
2020-12-03 21:13:46,935 - [STEP 7800] average number of steps per second: 2.5
2020-12-03 21:14:29,523 - validation roc_auc: 0.9706002371651786
2020-12-03 21:14:29,524 - validation average_precision: 0.4948519755348996
2020-12-03 21:14:29,530 - training loss: 0.14864009618759155
2020-12-03 21:14:29,531 - validation loss: 0.04734038947150111
2020-12-03 21:15:09,025 - [STEP 7900] average number of steps per second: 2.5
2020-12-03 21:15:51,747 - validation roc_auc: 0.9747552614795919
2020-12-03 21:15:51,748 - validation average_precision: 0.49240483237804156
2020-12-03 21:15:51,753 - training loss: 0.05305500701069832
2020-12-03 21:15:51,754 - validation loss: 0.04651953485747799
2020-12-03 21:16:31,744 - [STEP 8000] average number of steps per second: 2.5
2020-12-03 21:17:14,462 - validation roc_auc: 0.9715536810427295
2020-12-03 21:17:14,463 - validation average_precision: 0.48001463952427104
2020-12-03 21:17:14,467 - training loss: 0.05030858516693115
2020-12-03 21:17:14,468 - validation loss: 0.047105946311261505
2020-12-03 21:17:53,906 - [STEP 8100] average number of steps per second: 2.5
2020-12-03 21:18:36,836 - validation roc_auc: 0.9733534458705358
2020-12-03 21:18:36,838 - validation average_precision: 0.49272214349421845
2020-12-03 21:18:36,842 - training loss: 0.05587588623166084
2020-12-03 21:18:36,844 - validation loss: 0.04711708541493863
2020-12-03 21:19:16,390 - [STEP 8200] average number of steps per second: 2.5
2020-12-03 21:19:58,990 - validation roc_auc: 0.970930026307398
2020-12-03 21:19:58,992 - validation average_precision: 0.47855339151627047
2020-12-03 21:19:58,996 - training loss: 0.017921246588230133
2020-12-03 21:19:58,997 - validation loss: 0.04799131345236674
2020-12-03 21:20:38,517 - [STEP 8300] average number of steps per second: 2.5
2020-12-03 21:21:21,457 - validation roc_auc: 0.9698664451132016
2020-12-03 21:21:21,459 - validation average_precision: 0.4931816963035729
2020-12-03 21:21:21,465 - training loss: 0.039602335542440414
2020-12-03 21:21:21,465 - validation loss: 0.0478551413374953
2020-12-03 21:22:01,129 - [STEP 8400] average number of steps per second: 2.5
2020-12-03 21:22:43,732 - validation roc_auc: 0.969955979950574
2020-12-03 21:22:43,734 - validation average_precision: 0.4878977219333397
2020-12-03 21:22:43,739 - training loss: 0.12688402831554413
2020-12-03 21:22:43,740 - validation loss: 0.04769923396129161
2020-12-03 21:23:23,420 - [STEP 8500] average number of steps per second: 2.5
2020-12-03 21:24:06,000 - validation roc_auc: 0.9709417350924745
2020-12-03 21:24:06,002 - validation average_precision: 0.49495333119378987
2020-12-03 21:24:06,008 - training loss: 0.05903391167521477
2020-12-03 21:24:06,009 - validation loss: 0.04726464525004849
2020-12-03 21:24:45,582 - [STEP 8600] average number of steps per second: 2.5
2020-12-03 21:25:28,300 - validation roc_auc: 0.9736349051339286
2020-12-03 21:25:28,301 - validation average_precision: 0.5084231845188585
2020-12-03 21:25:29,327 - training loss: 0.014158864505589008
2020-12-03 21:25:29,328 - validation loss: 0.04628176466096193
2020-12-03 21:26:08,916 - [STEP 8700] average number of steps per second: 2.5
2020-12-03 21:26:51,800 - validation roc_auc: 0.9702234384964924
2020-12-03 21:26:51,802 - validation average_precision: 0.48172802776573687
2020-12-03 21:26:51,807 - training loss: 0.07844409346580505
2020-12-03 21:26:51,808 - validation loss: 0.04742025758139789
2020-12-03 21:27:31,204 - [STEP 8800] average number of steps per second: 2.5
2020-12-03 21:28:13,753 - validation roc_auc: 0.9721909628109057
2020-12-03 21:28:13,754 - validation average_precision: 0.4958083765257992
2020-12-03 21:28:13,759 - training loss: 0.026706619188189507
2020-12-03 21:28:13,760 - validation loss: 0.04682412942266092
2020-12-03 21:28:53,287 - [STEP 8900] average number of steps per second: 2.5
2020-12-03 21:29:35,863 - validation roc_auc: 0.9735098453443878
2020-12-03 21:29:35,865 - validation average_precision: 0.4879889207440099
2020-12-03 21:29:37,075 - training loss: 0.026858322322368622
2020-12-03 21:29:37,077 - validation loss: 0.04627239085268229
2020-12-03 21:30:17,011 - [STEP 9000] average number of steps per second: 2.5
2020-12-03 21:30:59,657 - validation roc_auc: 0.9733686922034438
2020-12-03 21:30:59,658 - validation average_precision: 0.4860175946305239
Epoch    90: reducing learning rate of group 0 to 6.4000e-03.
2020-12-03 21:30:59,664 - training loss: 0.038656461983919144
2020-12-03 21:30:59,665 - validation loss: 0.04758232896192931
2020-12-03 21:31:39,177 - [STEP 9100] average number of steps per second: 2.5
2020-12-03 21:32:21,863 - validation roc_auc: 0.9734580526546557
2020-12-03 21:32:21,865 - validation average_precision: 0.4987938656370266
2020-12-03 21:32:21,871 - training loss: 0.0328415147960186
2020-12-03 21:32:21,872 - validation loss: 0.04632872565835714
2020-12-03 21:33:01,291 - [STEP 9200] average number of steps per second: 2.5
2020-12-03 21:33:44,048 - validation roc_auc: 0.9725464863679847
2020-12-03 21:33:44,050 - validation average_precision: 0.49488207637470977
2020-12-03 21:33:44,055 - training loss: 0.029987037181854248
2020-12-03 21:33:44,056 - validation loss: 0.046644293148536235
2020-12-03 21:34:23,699 - [STEP 9300] average number of steps per second: 2.5
2020-12-03 21:35:06,453 - validation roc_auc: 0.9744841657366071
2020-12-03 21:35:06,454 - validation average_precision: 0.49056763695733124
2020-12-03 21:35:07,464 - training loss: 0.0510161928832531
2020-12-03 21:35:07,465 - validation loss: 0.04609925152547657
2020-12-03 21:35:46,731 - [STEP 9400] average number of steps per second: 2.5
2020-12-03 21:36:29,557 - validation roc_auc: 0.9718644371811224
2020-12-03 21:36:29,559 - validation average_precision: 0.47775336391258855
2020-12-03 21:36:29,562 - training loss: 0.013885551132261753
2020-12-03 21:36:29,566 - validation loss: 0.047320443923585115
2020-12-03 21:37:08,943 - [STEP 9500] average number of steps per second: 2.5
2020-12-03 21:37:51,524 - validation roc_auc: 0.9728794642857143
2020-12-03 21:37:51,526 - validation average_precision: 0.49228365907277877
2020-12-03 21:37:51,531 - training loss: 0.026469746604561806
2020-12-03 21:37:51,533 - validation loss: 0.046813787444494666
2020-12-03 21:38:30,647 - [STEP 9600] average number of steps per second: 2.6
2020-12-03 21:39:13,552 - validation roc_auc: 0.9732086555325256
2020-12-03 21:39:13,554 - validation average_precision: 0.49156211862153615
2020-12-03 21:39:13,556 - training loss: 0.026069382205605507
2020-12-03 21:39:13,559 - validation loss: 0.04735272086923942
2020-12-03 21:39:52,761 - [STEP 9700] average number of steps per second: 2.6
2020-12-03 21:40:35,348 - validation roc_auc: 0.9722987085459183
2020-12-03 21:40:35,350 - validation average_precision: 0.48552617572556467
2020-12-03 21:40:35,356 - training loss: 0.01980237103998661
2020-12-03 21:40:35,357 - validation loss: 0.04740137597476132
2020-12-03 21:41:14,558 - [STEP 9800] average number of steps per second: 2.6
2020-12-03 21:41:57,315 - validation roc_auc: 0.9740966298628826
2020-12-03 21:41:57,316 - validation average_precision: 0.4999595389509689
2020-12-03 21:41:57,322 - training loss: 0.018326496705412865
2020-12-03 21:41:57,323 - validation loss: 0.04638836156949401
2020-12-03 21:42:36,403 - [STEP 9900] average number of steps per second: 2.6
2020-12-03 21:43:19,158 - validation roc_auc: 0.971067891023597
2020-12-03 21:43:19,159 - validation average_precision: 0.4911379273561951
2020-12-03 21:43:19,164 - training loss: 0.058712705969810486
2020-12-03 21:43:19,165 - validation loss: 0.04690859468979761
2020-12-03 21:43:57,902 - Creating test dataset.
2020-12-03 21:44:49,315 - 51.41121459007263 s to load 120000 test examples (1875 test batches) to evaluate after all training steps.
2020-12-03 21:47:30,722 - test roc_auc: 0.9732104418148727
2020-12-03 21:47:30,724 - test average_precision: 0.5134419521277802